Log file open, 04/28/23 20:25:45
LogWindows: Failed to load 'aqProf.dll' (GetLastError=126)
LogWindows: File 'aqProf.dll' does not exist
LogWindows: Failed to load 'VtuneApi.dll' (GetLastError=126)
LogWindows: File 'VtuneApi.dll' does not exist
LogWindows: Failed to load 'VtuneApi32e.dll' (GetLastError=126)
LogWindows: File 'VtuneApi32e.dll' does not exist
LogConsoleResponse: Display: Failed to find resolution value strings in scalability ini. Falling back to default.
LogConsoleResponse: Display: Failed to find resolution value strings in scalability ini. Falling back to default.
LogInit: Display: Running engine for game: HUKPSS
LogPlatformFile: Not using cached read wrapper
LogTaskGraph: Started task graph with 5 named threads and 35 total threads with 3 sets of task threads.
LogStats: Stats thread started at 0.231559
LogICUInternationalization: ICU TimeZone Detection - Raw Offset: +3:00, Platform Override: ''
LogInit: Display: Loading text-based GConfig....
LogPluginManager: Mounting plugin MeshPainting
LogPluginManager: Mounting plugin XGEController
LogPluginManager: Mounting plugin Paper2D
LogPluginManager: Mounting plugin LiveLink
LogPluginManager: Mounting plugin CameraShakePreviewer
LogPluginManager: Mounting plugin AssetManagerEditor
LogPluginManager: Mounting plugin LightPropagationVolume
LogPluginManager: Mounting plugin GameplayCameras
LogPluginManager: Mounting plugin CurveEditorTools
LogPluginManager: Mounting plugin CryptoKeys
LogPluginManager: Mounting plugin DataValidation
LogPluginManager: Mounting plugin FacialAnimation
LogPluginManager: Mounting plugin MacGraphicsSwitching
LogPluginManager: Mounting plugin GameplayTagsEditor
LogPluginManager: Mounting plugin MaterialAnalyzer
LogPluginManager: Mounting plugin GeometryMode
LogPluginManager: Mounting plugin MobileLauncherProfileWizard
LogPluginManager: Mounting plugin PluginBrowser
LogPluginManager: Mounting plugin SpeedTreeImporter
LogPluginManager: Mounting plugin AnimationSharing
LogPluginManager: Mounting plugin CodeLiteSourceCodeAccess
LogPluginManager: Mounting plugin CLionSourceCodeAccess
LogPluginManager: Mounting plugin GitSourceControl
LogPluginManager: Mounting plugin KDevelopSourceCodeAccess
LogPluginManager: Mounting plugin NullSourceCodeAccess
LogPluginManager: Mounting plugin PerforceSourceControl
LogPluginManager: Mounting plugin PixWinPlugin
LogPluginManager: Mounting plugin PlasticSourceControl
LogPluginManager: Mounting plugin PluginUtils
LogPluginManager: Mounting plugin PropertyAccessNode
LogPluginManager: Mounting plugin RiderSourceCodeAccess
LogPluginManager: Mounting plugin SubversionSourceControl
LogPluginManager: Mounting plugin TextureFormatOodle
LogPluginManager: Mounting plugin UObjectPlugin
LogPluginManager: Mounting plugin VisualStudioSourceCodeAccess
LogPluginManager: Mounting plugin VisualStudioCodeSourceCodeAccess
LogPluginManager: Mounting plugin XCodeSourceCodeAccess
LogPluginManager: Mounting plugin Niagara
LogPluginManager: Mounting plugin DatasmithContent
LogPluginManager: Mounting plugin AlembicImporter
LogPluginManager: Mounting plugin VariantManagerContent
LogPluginManager: Mounting plugin AutomationUtils
LogPluginManager: Mounting plugin BackChannel
LogPluginManager: Mounting plugin ChaosCloth
LogPluginManager: Mounting plugin ChaosNiagara
LogPluginManager: Mounting plugin ChaosSolverPlugin
LogPluginManager: Mounting plugin ChaosClothEditor
LogPluginManager: Mounting plugin ChaosEditor
LogPluginManager: Mounting plugin CharacterAI
LogPluginManager: Mounting plugin GeometryCache
LogPluginManager: Mounting plugin GeometryCollectionPlugin
LogPluginManager: Mounting plugin GeometryProcessing
LogPluginManager: Mounting plugin MotoSynth
LogPluginManager: Mounting plugin OpenImageDenoise
LogPluginManager: Mounting plugin PlatformCrypto
LogPluginManager: Mounting plugin PlanarCut
LogPluginManager: Mounting plugin ProxyLODPlugin
LogPluginManager: Mounting plugin PythonScriptPlugin
LogPluginManager: Mounting plugin SkeletalReduction
LogPluginManager: Mounting plugin LuminPlatformFeatures
LogPluginManager: Mounting plugin MagicLeap
LogPluginManager: Mounting plugin MagicLeapLightEstimation
LogPluginManager: Mounting plugin MagicLeapMedia
LogPluginManager: Mounting plugin MagicLeapPassableWorld
LogPluginManager: Mounting plugin MLSDK
LogPluginManager: Mounting plugin AndroidMedia
LogPluginManager: Mounting plugin AvfMedia
LogPluginManager: Mounting plugin ImgMedia
LogPluginManager: Mounting plugin MediaCompositing
LogPluginManager: Mounting plugin TcpMessaging
LogPluginManager: Mounting plugin UdpMessaging
LogPluginManager: Mounting plugin MediaPlayerEditor
LogPluginManager: Mounting plugin ActorSequence
LogPluginManager: Mounting plugin WebMMedia
LogPluginManager: Mounting plugin WmfMedia
LogPluginManager: Mounting plugin LevelSequenceEditor
LogPluginManager: Mounting plugin MatineeToLevelSequence
LogPluginManager: Mounting plugin TemplateSequence
LogPluginManager: Mounting plugin OnlineSubsystem
LogPluginManager: Mounting plugin OnlineSubsystemNull
LogPluginManager: Mounting plugin LauncherChunkInstaller
LogPluginManager: Mounting plugin OnlineSubsystemUtils
LogPluginManager: Mounting plugin ActorLayerUtilities
LogPluginManager: Mounting plugin AndroidPermission
LogPluginManager: Mounting plugin AndroidDeviceProfileSelector
LogPluginManager: Mounting plugin AndroidMoviePlayer
LogPluginManager: Mounting plugin AppleImageUtils
LogPluginManager: Mounting plugin AppleMoviePlayer
LogPluginManager: Mounting plugin ArchVisCharacter
LogPluginManager: Mounting plugin AssetTags
LogPluginManager: Mounting plugin AudioCapture
LogPluginManager: Mounting plugin AudioSynesthesia
LogPluginManager: Mounting plugin CableComponent
LogPluginManager: Mounting plugin ChunkDownloader
LogPluginManager: Mounting plugin CustomMeshComponent
LogPluginManager: Mounting plugin EditableMesh
LogPluginManager: Mounting plugin ExampleDeviceProfileSelector
LogPluginManager: Mounting plugin GooglePAD
LogPluginManager: Mounting plugin GoogleCloudMessaging
LogPluginManager: Mounting plugin IOSDeviceProfileSelector
LogPluginManager: Mounting plugin LinuxDeviceProfileSelector
LogPluginManager: Mounting plugin LocationServicesBPLibrary
LogPluginManager: Mounting plugin MobilePatchingUtils
LogPluginManager: Mounting plugin OpenXR
LogPluginManager: Mounting plugin OpenXREyeTracker
LogPluginManager: Mounting plugin OpenXRHandTracking
LogPluginManager: Mounting plugin PhysXVehicles
LogPluginManager: Mounting plugin ScreenshotTools
LogPluginManager: Mounting plugin PropertyAccessEditor
LogPluginManager: Mounting plugin PostSplashScreen
LogPluginManager: Mounting plugin RuntimePhysXCooking
LogPluginManager: Mounting plugin SignificanceManager
LogPluginManager: Mounting plugin ProceduralMeshComponent
LogPluginManager: Mounting plugin SoundFields
LogPluginManager: Mounting plugin Synthesis
LogPluginManager: Mounting plugin Takes
LogPluginManager: Mounting plugin WebMMoviePlayer
LogPluginManager: Mounting plugin WindowsMoviePlayer
LogPluginManager: Mounting plugin AISupport
LogPluginManager: Mounting plugin EnvironmentQueryEditor
LogPluginManager: Mounting plugin OodleData
LogPluginManager: Mounting plugin OodleNetwork
LogPluginManager: Mounting plugin ContentBrowserAssetDataSource
LogPluginManager: Mounting plugin ContentBrowserFileDataSource
LogPluginManager: Mounting plugin ContentBrowserClassDataSource
LogPluginManager: Mounting plugin OnlineSubsystemGooglePlay
LogPluginManager: Mounting plugin OnlineSubsystemIOS
LogPluginManager: Mounting plugin OculusVR
LogPluginManager: Mounting plugin SteamVR
PixWinPlugin: PIX capture plugin failed to initialize! Check that the process is launched from PIX.
LogLuminAPIImpl: Warning: MLSDK not found.  This likely means the MLSDK environment variable is not set.
LogInit: Using libcurl 7.55.1-DEV
LogInit:  - built for x86_64-pc-win32
LogInit:  - supports SSL with OpenSSL/1.1.1
LogInit:  - supports HTTP deflate (compression) using libz 1.2.8
LogInit:  - other features:
LogInit:      CURL_VERSION_SSL
LogInit:      CURL_VERSION_LIBZ
LogInit:      CURL_VERSION_IPV6
LogInit:      CURL_VERSION_ASYNCHDNS
LogInit:      CURL_VERSION_LARGEFILE
LogInit:      CURL_VERSION_IDN
LogInit:  CurlRequestOptions (configurable via config and command line):
LogInit:  - bVerifyPeer = true  - Libcurl will verify peer certificate
LogInit:  - bUseHttpProxy = false  - Libcurl will NOT use HTTP proxy
LogInit:  - bDontReuseConnections = false  - Libcurl will reuse connections
LogInit:  - MaxHostConnections = 16  - Libcurl will limit the number of connections to a host
LogInit:  - LocalHostAddr = Default
LogInit:  - BufferSize = 65536
LogOnline: OSS: Creating online subsystem instance for: NULL
LogInit: WinSock: version 1.1 (2.2), MaxSocks=32767, MaxUdp=65467
LogOnline: OSS: TryLoadSubsystemAndSetDefault: Loaded subsystem for module [NULL]
LogOculusPluginWrapper: OculusPlugin initialized successfully
LogHMD: Failed initializing OVRPlugin 1.59.0
LogInit: Build: ++UE4+Release-4.27-CL-18319896
LogInit: Engine Version: 4.27.2-18319896+++UE4+Release-4.27
LogInit: Compatible Engine Version: 4.27.0-17155196+++UE4+Release-4.27
LogInit: Net CL: 17155196
LogInit: OS: Windows 10 (Release 2009) (), CPU: AMD Ryzen 5 3600 6-Core Processor              , GPU: NVIDIA GeForce GTX 1650
LogInit: Compiled (64-bit): Nov 30 2021 07:12:08
LogInit: Compiled with Visual C++: 19.24.28315.00
LogInit: Build Configuration: Development
LogInit: Branch Name: ++UE4+Release-4.27
LogInit: Command Line:  -EpicPortal -epicusername=YT-hexadzn -epicuserid=67325f1553d24f07989c6435ae79c092 -epiclocale=tr -epicsandboxid=ue
LogInit: Base Directory: C:/Program Files/Epic Games/UE_4.27/Engine/Binaries/Win64/
LogInit: Allocator: TBB
LogInit: Installed Engine Build: 1
LogDevObjectVersion: Number of dev versions registered: 29
LogDevObjectVersion:   Dev-Blueprints (B0D832E4-1F89-4F0D-ACCF-7EB736FD4AA2): 10
LogDevObjectVersion:   Dev-Build (E1C64328-A22C-4D53-A36C-8E866417BD8C): 0
LogDevObjectVersion:   Dev-Core (375EC13C-06E4-48FB-B500-84F0262A717E): 4
LogDevObjectVersion:   Dev-Editor (E4B068ED-F494-42E9-A231-DA0B2E46BB41): 40
LogDevObjectVersion:   Dev-Framework (CFFC743F-43B0-4480-9391-14DF171D2073): 37
LogDevObjectVersion:   Dev-Mobile (B02B49B5-BB20-44E9-A304-32B752E40360): 3
LogDevObjectVersion:   Dev-Networking (A4E4105C-59A1-49B5-A7C5-40C4547EDFEE): 0
LogDevObjectVersion:   Dev-Online (39C831C9-5AE6-47DC-9A44-9C173E1C8E7C): 0
LogDevObjectVersion:   Dev-Physics (78F01B33-EBEA-4F98-B9B4-84EACCB95AA2): 14
LogDevObjectVersion:   Dev-Platform (6631380F-2D4D-43E0-8009-CF276956A95A): 0
LogDevObjectVersion:   Dev-Rendering (12F88B9F-8875-4AFC-A67C-D90C383ABD29): 45
LogDevObjectVersion:   Dev-Sequencer (7B5AE74C-D270-4C10-A958-57980B212A5A): 13
LogDevObjectVersion:   Dev-VR (D7296918-1DD6-4BDD-9DE2-64A83CC13884): 3
LogDevObjectVersion:   Dev-LoadTimes (C2A15278-BFE7-4AFE-6C17-90FF531DF755): 1
LogDevObjectVersion:   Private-Geometry (6EACA3D4-40EC-4CC1-B786-8BED09428FC5): 3
LogDevObjectVersion:   Dev-AnimPhys (29E575DD-E0A3-4627-9D10-D276232CDCEA): 17
LogDevObjectVersion:   Dev-Anim (AF43A65D-7FD3-4947-9873-3E8ED9C1BB05): 15
LogDevObjectVersion:   Dev-ReflectionCapture (6B266CEC-1EC7-4B8F-A30B-E4D90942FC07): 1
LogDevObjectVersion:   Dev-Automation (0DF73D61-A23F-47EA-B727-89E90C41499A): 1
LogDevObjectVersion:   FortniteMain (601D1886-AC64-4F84-AA16-D3DE0DEAC7D6): 47
LogDevObjectVersion:   FortniteRelease (E7086368-6B23-4C58-8439-1B7016265E91): 1
LogDevObjectVersion:   Dev-Enterprise (9DFFBCD6-494F-0158-E221-12823C92A888): 10
LogDevObjectVersion:   Dev-Niagara (F2AED0AC-9AFE-416F-8664-AA7FFA26D6FC): 1
LogDevObjectVersion:   Dev-Destruction (174F1F0B-B4C6-45A5-B13F-2EE8D0FB917D): 10
LogDevObjectVersion:   Dev-Physics-Ext (35F94A83-E258-406C-A318-09F59610247C): 41
LogDevObjectVersion:   Dev-PhysicsMaterial-Chaos (B68FC16E-8B1B-42E2-B453-215C058844FE): 1
LogDevObjectVersion:   Dev-CineCamera (B2E18506-4273-CFC2-A54E-F4BB758BBA07): 1
LogDevObjectVersion:   Dev-VirtualProduction (64F58936-FD1B-42BA-BA96-7289D5D0FA4E): 1
LogDevObjectVersion:   Dev-MediaFramework (6F0ED827-A609-4895-9C91-998D90180EA4): 2
LogInit: Presizing for max 25165824 objects, including 0 objects not considered by GC, pre-allocating 0 bytes for permanent pool.
LogConfig: Applying CVar settings from Section [/Script/Engine.StreamingSettings] File [C:/Users/PC/Documents/Unreal Projects/HUppj/UmutHasanUe4/HUKPSS/Saved/Config/Windows/Engine.ini]
LogConfig: Setting CVar [[s.MinBulkDataSizeForAsyncLoading:131072]]
LogConfig: Setting CVar [[s.AsyncLoadingThreadEnabled:0]]
LogConfig: Setting CVar [[s.EventDrivenLoaderEnabled:1]]
LogConfig: Setting CVar [[s.WarnIfTimeLimitExceeded:0]]
LogConfig: Setting CVar [[s.TimeLimitExceededMultiplier:1.5]]
LogConfig: Setting CVar [[s.TimeLimitExceededMinTime:0.005]]
LogConfig: Setting CVar [[s.UseBackgroundLevelStreaming:1]]
LogConfig: Setting CVar [[s.PriorityAsyncLoadingExtraTime:15.0]]
LogConfig: Setting CVar [[s.LevelStreamingActorsUpdateTimeLimit:5.0]]
LogConfig: Setting CVar [[s.PriorityLevelStreamingActorsUpdateExtraTime:5.0]]
LogConfig: Setting CVar [[s.LevelStreamingComponentsRegistrationGranularity:10]]
LogConfig: Setting CVar [[s.UnregisterComponentsTimeLimit:1.0]]
LogConfig: Setting CVar [[s.LevelStreamingComponentsUnregistrationGranularity:5]]
LogConfig: Setting CVar [[s.FlushStreamingOnExit:1]]
LogInit: Object subsystem initialized
LogConfig: Setting CVar [[con.DebugEarlyDefault:1]]
LogConfig: Setting CVar [[r.setres:1280x720]]
[2023.04.28-17.25.46:463][  0]LogConfig: Setting CVar [[r.VSync:0]]
[2023.04.28-17.25.46:463][  0]LogConfig: Setting CVar [[r.RHICmdBypass:0]]
[2023.04.28-17.25.46:463][  0]LogConfig: Applying CVar settings from Section [/Script/Engine.RendererSettings] File [C:/Users/PC/Documents/Unreal Projects/HUppj/UmutHasanUe4/HUKPSS/Saved/Config/Windows/Engine.ini]
[2023.04.28-17.25.46:463][  0]LogConfig: Setting CVar [[r.GPUCrashDebugging:0]]
[2023.04.28-17.25.46:463][  0]LogConfig: Applying CVar settings from Section [/Script/Engine.RendererOverrideSettings] File [C:/Users/PC/Documents/Unreal Projects/HUppj/UmutHasanUe4/HUKPSS/Saved/Config/Windows/Engine.ini]
[2023.04.28-17.25.46:464][  0]LogConfig: Applying CVar settings from Section [/Script/Engine.StreamingSettings] File [C:/Users/PC/Documents/Unreal Projects/HUppj/UmutHasanUe4/HUKPSS/Saved/Config/Windows/Engine.ini]
[2023.04.28-17.25.46:464][  0]LogConfig: Setting CVar [[s.MinBulkDataSizeForAsyncLoading:131072]]
[2023.04.28-17.25.46:464][  0]LogConfig: Setting CVar [[s.AsyncLoadingThreadEnabled:0]]
[2023.04.28-17.25.46:464][  0]LogConfig: Setting CVar [[s.EventDrivenLoaderEnabled:1]]
[2023.04.28-17.25.46:464][  0]LogConfig: Setting CVar [[s.WarnIfTimeLimitExceeded:0]]
[2023.04.28-17.25.46:464][  0]LogConfig: Setting CVar [[s.TimeLimitExceededMultiplier:1.5]]
[2023.04.28-17.25.46:464][  0]LogConfig: Setting CVar [[s.TimeLimitExceededMinTime:0.005]]
[2023.04.28-17.25.46:464][  0]LogConfig: Setting CVar [[s.UseBackgroundLevelStreaming:1]]
[2023.04.28-17.25.46:464][  0]LogConfig: Setting CVar [[s.PriorityAsyncLoadingExtraTime:15.0]]
[2023.04.28-17.25.46:464][  0]LogConfig: Setting CVar [[s.LevelStreamingActorsUpdateTimeLimit:5.0]]
[2023.04.28-17.25.46:464][  0]LogConfig: Setting CVar [[s.PriorityLevelStreamingActorsUpdateExtraTime:5.0]]
[2023.04.28-17.25.46:464][  0]LogConfig: Setting CVar [[s.LevelStreamingComponentsRegistrationGranularity:10]]
[2023.04.28-17.25.46:464][  0]LogConfig: Setting CVar [[s.UnregisterComponentsTimeLimit:1.0]]
[2023.04.28-17.25.46:464][  0]LogConfig: Setting CVar [[s.LevelStreamingComponentsUnregistrationGranularity:5]]
[2023.04.28-17.25.46:464][  0]LogConfig: Setting CVar [[s.FlushStreamingOnExit:1]]
[2023.04.28-17.25.46:464][  0]LogConfig: Applying CVar settings from Section [/Script/Engine.GarbageCollectionSettings] File [C:/Users/PC/Documents/Unreal Projects/HUppj/UmutHasanUe4/HUKPSS/Saved/Config/Windows/Engine.ini]
[2023.04.28-17.25.46:464][  0]LogConfig: Setting CVar [[gc.MaxObjectsNotConsideredByGC:1]]
[2023.04.28-17.25.46:464][  0]LogConfig: Setting CVar [[gc.SizeOfPermanentObjectPool:0]]
[2023.04.28-17.25.46:464][  0]LogConfig: Setting CVar [[gc.FlushStreamingOnGC:0]]
[2023.04.28-17.25.46:464][  0]LogConfig: Setting CVar [[gc.NumRetriesBeforeForcingGC:10]]
[2023.04.28-17.25.46:464][  0]LogConfig: Setting CVar [[gc.AllowParallelGC:1]]
[2023.04.28-17.25.46:464][  0]LogConfig: Setting CVar [[gc.TimeBetweenPurgingPendingKillObjects:61.1]]
[2023.04.28-17.25.46:464][  0]LogConfig: Setting CVar [[gc.MaxObjectsInEditor:25165824]]
[2023.04.28-17.25.46:464][  0]LogConfig: Setting CVar [[gc.IncrementalBeginDestroyEnabled:1]]
[2023.04.28-17.25.46:464][  0]LogConfig: Setting CVar [[gc.CreateGCClusters:1]]
[2023.04.28-17.25.46:464][  0]LogConfig: Setting CVar [[gc.MinGCClusterSize:5]]
[2023.04.28-17.25.46:464][  0]LogConfig: Setting CVar [[gc.ActorClusteringEnabled:0]]
[2023.04.28-17.25.46:464][  0]LogConfig: Setting CVar [[gc.BlueprintClusteringEnabled:0]]
[2023.04.28-17.25.46:464][  0]LogConfig: Setting CVar [[gc.UseDisregardForGCOnDedicatedServers:0]]
[2023.04.28-17.25.46:464][  0]LogConfig: Setting CVar [[gc.MultithreadedDestructionEnabled:1]]
[2023.04.28-17.25.46:464][  0]LogConfig: Applying CVar settings from Section [/Script/Engine.NetworkSettings] File [C:/Users/PC/Documents/Unreal Projects/HUppj/UmutHasanUe4/HUKPSS/Saved/Config/Windows/Engine.ini]
[2023.04.28-17.25.46:464][  0]LogConfig: Applying CVar settings from Section [/Script/UnrealEd.CookerSettings] File [C:/Users/PC/Documents/Unreal Projects/HUppj/UmutHasanUe4/HUKPSS/Saved/Config/Windows/Engine.ini]
[2023.04.28-17.25.46:482][  0]LogConfig: Applying CVar settings from Section [ViewDistanceQuality@3] File [C:/Users/PC/Documents/Unreal Projects/HUppj/UmutHasanUe4/HUKPSS/Saved/Config/Windows/Scalability.ini]
[2023.04.28-17.25.46:482][  0]LogConfig: Setting CVar [[r.SkeletalMeshLODBias:0]]
[2023.04.28-17.25.46:482][  0]LogConfig: Setting CVar [[r.ViewDistanceScale:1.0]]
[2023.04.28-17.25.46:482][  0]LogConfig: Applying CVar settings from Section [AntiAliasingQuality@3] File [C:/Users/PC/Documents/Unreal Projects/HUppj/UmutHasanUe4/HUKPSS/Saved/Config/Windows/Scalability.ini]
[2023.04.28-17.25.46:482][  0]LogConfig: Setting CVar [[r.PostProcessAAQuality:4]]
[2023.04.28-17.25.46:482][  0]LogConfig: Applying CVar settings from Section [ShadowQuality@3] File [C:/Users/PC/Documents/Unreal Projects/HUppj/UmutHasanUe4/HUKPSS/Saved/Config/Windows/Scalability.ini]
[2023.04.28-17.25.46:482][  0]LogConfig: Setting CVar [[r.LightFunctionQuality:1]]
[2023.04.28-17.25.46:482][  0]LogConfig: Setting CVar [[r.ShadowQuality:5]]
[2023.04.28-17.25.46:482][  0]LogConfig: Setting CVar [[r.Shadow.CSM.MaxCascades:10]]
[2023.04.28-17.25.46:482][  0]LogConfig: Setting CVar [[r.Shadow.MaxResolution:2048]]
[2023.04.28-17.25.46:482][  0]LogConfig: Setting CVar [[r.Shadow.MaxCSMResolution:2048]]
[2023.04.28-17.25.46:482][  0]LogConfig: Setting CVar [[r.Shadow.RadiusThreshold:0.01]]
[2023.04.28-17.25.46:482][  0]LogConfig: Setting CVar [[r.Shadow.DistanceScale:1.0]]
[2023.04.28-17.25.46:482][  0]LogConfig: Setting CVar [[r.Shadow.CSM.TransitionScale:1.0]]
[2023.04.28-17.25.46:482][  0]LogConfig: Setting CVar [[r.Shadow.PreShadowResolutionFactor:1.0]]
[2023.04.28-17.25.46:482][  0]LogConfig: Setting CVar [[r.DistanceFieldShadowing:1]]
[2023.04.28-17.25.46:482][  0]LogConfig: Setting CVar [[r.DistanceFieldAO:1]]
[2023.04.28-17.25.46:482][  0]LogConfig: Setting CVar [[r.AOQuality:2]]
[2023.04.28-17.25.46:482][  0]LogConfig: Setting CVar [[r.VolumetricFog:1]]
[2023.04.28-17.25.46:482][  0]LogConfig: Setting CVar [[r.VolumetricFog.GridPixelSize:8]]
[2023.04.28-17.25.46:482][  0]LogConfig: Setting CVar [[r.VolumetricFog.GridSizeZ:128]]
[2023.04.28-17.25.46:482][  0]LogConfig: Setting CVar [[r.VolumetricFog.HistoryMissSupersampleCount:4]]
[2023.04.28-17.25.46:482][  0]LogConfig: Setting CVar [[r.LightMaxDrawDistanceScale:1]]
[2023.04.28-17.25.46:482][  0]LogConfig: Setting CVar [[r.CapsuleShadows:1]]
[2023.04.28-17.25.46:482][  0]LogConfig: Applying CVar settings from Section [PostProcessQuality@3] File [C:/Users/PC/Documents/Unreal Projects/HUppj/UmutHasanUe4/HUKPSS/Saved/Config/Windows/Scalability.ini]
[2023.04.28-17.25.46:482][  0]LogConfig: Setting CVar [[r.MotionBlurQuality:4]]
[2023.04.28-17.25.46:482][  0]LogConfig: Setting CVar [[r.AmbientOcclusionMipLevelFactor:0.4]]
[2023.04.28-17.25.46:482][  0]LogConfig: Setting CVar [[r.AmbientOcclusionMaxQuality:100]]
[2023.04.28-17.25.46:482][  0]LogConfig: Setting CVar [[r.AmbientOcclusionLevels:-1]]
[2023.04.28-17.25.46:482][  0]LogConfig: Setting CVar [[r.AmbientOcclusionRadiusScale:1.0]]
[2023.04.28-17.25.46:482][  0]LogConfig: Setting CVar [[r.DepthOfFieldQuality:2]]
[2023.04.28-17.25.46:483][  0]LogConfig: Setting CVar [[r.RenderTargetPoolMin:400]]
[2023.04.28-17.25.46:483][  0]LogConfig: Setting CVar [[r.LensFlareQuality:2]]
[2023.04.28-17.25.46:483][  0]LogConfig: Setting CVar [[r.SceneColorFringeQuality:1]]
[2023.04.28-17.25.46:483][  0]LogConfig: Setting CVar [[r.EyeAdaptationQuality:2]]
[2023.04.28-17.25.46:483][  0]LogConfig: Setting CVar [[r.BloomQuality:5]]
[2023.04.28-17.25.46:483][  0]LogConfig: Setting CVar [[r.FastBlurThreshold:100]]
[2023.04.28-17.25.46:483][  0]LogConfig: Setting CVar [[r.Upscale.Quality:3]]
[2023.04.28-17.25.46:483][  0]LogConfig: Setting CVar [[r.Tonemapper.GrainQuantization:1]]
[2023.04.28-17.25.46:483][  0]LogConfig: Setting CVar [[r.LightShaftQuality:1]]
[2023.04.28-17.25.46:483][  0]LogConfig: Setting CVar [[r.Filter.SizeScale:1]]
[2023.04.28-17.25.46:483][  0]LogConfig: Setting CVar [[r.Tonemapper.Quality:5]]
[2023.04.28-17.25.46:483][  0]LogConfig: Setting CVar [[r.DOF.Gather.AccumulatorQuality:1        ; higher gathering accumulator quality]]
[2023.04.28-17.25.46:483][  0]LogConfig: Setting CVar [[r.DOF.Gather.PostfilterMethod:1          ; Median3x3 postfilering method]]
[2023.04.28-17.25.46:483][  0]LogConfig: Setting CVar [[r.DOF.Gather.EnableBokehSettings:0       ; no bokeh simulation when gathering]]
[2023.04.28-17.25.46:483][  0]LogConfig: Setting CVar [[r.DOF.Gather.RingCount:4                 ; medium number of samples when gathering]]
[2023.04.28-17.25.46:483][  0]LogConfig: Setting CVar [[r.DOF.Scatter.ForegroundCompositing:1    ; additive foreground scattering]]
[2023.04.28-17.25.46:483][  0]LogConfig: Setting CVar [[r.DOF.Scatter.BackgroundCompositing:2    ; additive background scattering]]
[2023.04.28-17.25.46:483][  0]LogConfig: Setting CVar [[r.DOF.Scatter.EnableBokehSettings:1      ; bokeh simulation when scattering]]
[2023.04.28-17.25.46:483][  0]LogConfig: Setting CVar [[r.DOF.Scatter.MaxSpriteRatio:0.1         ; only a maximum of 10% of scattered bokeh]]
[2023.04.28-17.25.46:483][  0]LogConfig: Setting CVar [[r.DOF.Recombine.Quality:1                ; cheap slight out of focus]]
[2023.04.28-17.25.46:483][  0]LogConfig: Setting CVar [[r.DOF.Recombine.EnableBokehSettings:0    ; no bokeh simulation on slight out of focus]]
[2023.04.28-17.25.46:483][  0]LogConfig: Setting CVar [[r.DOF.TemporalAAQuality:1                ; more stable temporal accumulation]]
[2023.04.28-17.25.46:483][  0]LogConfig: Setting CVar [[r.DOF.Kernel.MaxForegroundRadius:0.025]]
[2023.04.28-17.25.46:483][  0]LogConfig: Setting CVar [[r.DOF.Kernel.MaxBackgroundRadius:0.025]]
[2023.04.28-17.25.46:483][  0]LogConfig: Applying CVar settings from Section [TextureQuality@3] File [C:/Users/PC/Documents/Unreal Projects/HUppj/UmutHasanUe4/HUKPSS/Saved/Config/Windows/Scalability.ini]
[2023.04.28-17.25.46:483][  0]LogConfig: Setting CVar [[r.Streaming.MipBias:0]]
[2023.04.28-17.25.46:483][  0]LogConfig: Setting CVar [[r.Streaming.AmortizeCPUToGPUCopy:0]]
[2023.04.28-17.25.46:483][  0]LogConfig: Setting CVar [[r.Streaming.MaxNumTexturesToStreamPerFrame:0]]
[2023.04.28-17.25.46:483][  0]LogConfig: Setting CVar [[r.Streaming.Boost:1]]
[2023.04.28-17.25.46:483][  0]LogConfig: Setting CVar [[r.MaxAnisotropy:8]]
[2023.04.28-17.25.46:483][  0]LogConfig: Setting CVar [[r.VT.MaxAnisotropy:8]]
[2023.04.28-17.25.46:483][  0]LogConfig: Setting CVar [[r.Streaming.LimitPoolSizeToVRAM:0]]
[2023.04.28-17.25.46:483][  0]LogConfig: Setting CVar [[r.Streaming.PoolSize:1000]]
[2023.04.28-17.25.46:483][  0]LogConfig: Setting CVar [[r.Streaming.MaxEffectiveScreenSize:0]]
[2023.04.28-17.25.46:483][  0]LogConfig: Applying CVar settings from Section [EffectsQuality@3] File [C:/Users/PC/Documents/Unreal Projects/HUppj/UmutHasanUe4/HUKPSS/Saved/Config/Windows/Scalability.ini]
[2023.04.28-17.25.46:483][  0]LogConfig: Setting CVar [[r.TranslucencyLightingVolumeDim:64]]
[2023.04.28-17.25.46:483][  0]LogConfig: Setting CVar [[r.RefractionQuality:2]]
[2023.04.28-17.25.46:483][  0]LogConfig: Setting CVar [[r.SSR.Quality:3]]
[2023.04.28-17.25.46:483][  0]LogConfig: Setting CVar [[r.SSR.HalfResSceneColor:0]]
[2023.04.28-17.25.46:483][  0]LogConfig: Setting CVar [[r.SceneColorFormat:4]]
[2023.04.28-17.25.46:483][  0]LogConfig: Setting CVar [[r.DetailMode:2]]
[2023.04.28-17.25.46:483][  0]LogConfig: Setting CVar [[r.TranslucencyVolumeBlur:1]]
[2023.04.28-17.25.46:483][  0]LogConfig: Setting CVar [[r.MaterialQualityLevel:1 ; High quality]]
[2023.04.28-17.25.46:483][  0]LogConfig: Setting CVar [[r.AnisotropicMaterials:1]]
[2023.04.28-17.25.46:483][  0]LogConfig: Setting CVar [[r.SSS.Scale:1]]
[2023.04.28-17.25.46:483][  0]LogConfig: Setting CVar [[r.SSS.SampleSet:2]]
[2023.04.28-17.25.46:483][  0]LogConfig: Setting CVar [[r.SSS.Quality:1]]
[2023.04.28-17.25.46:483][  0]LogConfig: Setting CVar [[r.SSS.HalfRes:0]]
[2023.04.28-17.25.46:483][  0]LogConfig: Setting CVar [[r.SSGI.Quality:3]]
[2023.04.28-17.25.46:483][  0]LogConfig: Setting CVar [[r.EmitterSpawnRateScale:1.0]]
[2023.04.28-17.25.46:483][  0]LogConfig: Setting CVar [[r.ParticleLightQuality:2]]
[2023.04.28-17.25.46:483][  0]LogConfig: Setting CVar [[r.SkyAtmosphere.AerialPerspectiveLUT.FastApplyOnOpaque:1 ; Always have FastSkyLUT 1 in this case to avoid wrong sky]]
[2023.04.28-17.25.46:483][  0]LogConfig: Setting CVar [[r.SkyAtmosphere.AerialPerspectiveLUT.SampleCountMaxPerSlice:4]]
[2023.04.28-17.25.46:483][  0]LogConfig: Setting CVar [[r.SkyAtmosphere.AerialPerspectiveLUT.DepthResolution:16.0]]
[2023.04.28-17.25.46:483][  0]LogConfig: Setting CVar [[r.SkyAtmosphere.FastSkyLUT:1]]
[2023.04.28-17.25.46:483][  0]LogConfig: Setting CVar [[r.SkyAtmosphere.FastSkyLUT.SampleCountMin:4.0]]
[2023.04.28-17.25.46:483][  0]LogConfig: Setting CVar [[r.SkyAtmosphere.FastSkyLUT.SampleCountMax:128.0]]
[2023.04.28-17.25.46:483][  0]LogConfig: Setting CVar [[r.SkyAtmosphere.SampleCountMin:4.0]]
[2023.04.28-17.25.46:483][  0]LogConfig: Setting CVar [[r.SkyAtmosphere.SampleCountMax:128.0]]
[2023.04.28-17.25.46:483][  0]LogConfig: Setting CVar [[r.SkyAtmosphere.TransmittanceLUT.UseSmallFormat:0]]
[2023.04.28-17.25.46:483][  0]LogConfig: Setting CVar [[r.SkyAtmosphere.TransmittanceLUT.SampleCount:10.0]]
[2023.04.28-17.25.46:483][  0]LogConfig: Setting CVar [[r.SkyAtmosphere.MultiScatteringLUT.SampleCount:15.0]]
[2023.04.28-17.25.46:483][  0]LogConfig: Setting CVar [[r.SkyLight.RealTimeReflectionCapture:1]]
[2023.04.28-17.25.46:483][  0]LogConfig: Applying CVar settings from Section [FoliageQuality@3] File [C:/Users/PC/Documents/Unreal Projects/HUppj/UmutHasanUe4/HUKPSS/Saved/Config/Windows/Scalability.ini]
[2023.04.28-17.25.46:483][  0]LogConfig: Setting CVar [[foliage.DensityScale:1.0]]
[2023.04.28-17.25.46:483][  0]LogConfig: Setting CVar [[grass.DensityScale:1.0]]
[2023.04.28-17.25.46:483][  0]LogConfig: Applying CVar settings from Section [ShadingQuality@3] File [C:/Users/PC/Documents/Unreal Projects/HUppj/UmutHasanUe4/HUKPSS/Saved/Config/Windows/Scalability.ini]
[2023.04.28-17.25.46:483][  0]LogConfig: Setting CVar [[r.HairStrands.SkyLighting.IntegrationType:2]]
[2023.04.28-17.25.46:483][  0]LogConfig: Setting CVar [[r.HairStrands.SkyAO.SampleCount:4]]
[2023.04.28-17.25.46:483][  0]LogConfig: Setting CVar [[r.HairStrands.Visibility.MSAA.SamplePerPixel:4]]
[2023.04.28-17.25.46:483][  0]LogInit: Selected Device Profile: [Windows]
[2023.04.28-17.25.46:483][  0]LogInit: Applying CVar settings loaded from the selected device profile: [Windows]
[2023.04.28-17.25.46:483][  0]LogHAL: Display: Platform has ~ 16 GB [17099710464 / 17179869184 / 16], which maps to Larger [LargestMinGB=32, LargerMinGB=12, DefaultMinGB=8, SmallerMinGB=6, SmallestMinGB=0)
[2023.04.28-17.25.46:483][  0]LogInit: Going up to parent DeviceProfile []
[2023.04.28-17.25.46:483][  0]LogConfig: Applying CVar settings from Section [ViewDistanceQuality@3] File [C:/Users/PC/Documents/Unreal Projects/HUppj/UmutHasanUe4/HUKPSS/Saved/Config/Windows/Scalability.ini]
[2023.04.28-17.25.46:483][  0]LogConfig: Setting CVar [[r.SkeletalMeshLODBias:0]]
[2023.04.28-17.25.46:483][  0]LogConfig: Setting CVar [[r.ViewDistanceScale:1.0]]
[2023.04.28-17.25.46:483][  0]LogConfig: Applying CVar settings from Section [AntiAliasingQuality@3] File [C:/Users/PC/Documents/Unreal Projects/HUppj/UmutHasanUe4/HUKPSS/Saved/Config/Windows/Scalability.ini]
[2023.04.28-17.25.46:483][  0]LogConfig: Setting CVar [[r.PostProcessAAQuality:4]]
[2023.04.28-17.25.46:484][  0]LogConfig: Applying CVar settings from Section [ShadowQuality@3] File [C:/Users/PC/Documents/Unreal Projects/HUppj/UmutHasanUe4/HUKPSS/Saved/Config/Windows/Scalability.ini]
[2023.04.28-17.25.46:484][  0]LogConfig: Setting CVar [[r.LightFunctionQuality:1]]
[2023.04.28-17.25.46:484][  0]LogConfig: Setting CVar [[r.ShadowQuality:5]]
[2023.04.28-17.25.46:484][  0]LogConfig: Setting CVar [[r.Shadow.CSM.MaxCascades:10]]
[2023.04.28-17.25.46:484][  0]LogConfig: Setting CVar [[r.Shadow.MaxResolution:2048]]
[2023.04.28-17.25.46:484][  0]LogConfig: Setting CVar [[r.Shadow.MaxCSMResolution:2048]]
[2023.04.28-17.25.46:484][  0]LogConfig: Setting CVar [[r.Shadow.RadiusThreshold:0.01]]
[2023.04.28-17.25.46:484][  0]LogConfig: Setting CVar [[r.Shadow.DistanceScale:1.0]]
[2023.04.28-17.25.46:484][  0]LogConfig: Setting CVar [[r.Shadow.CSM.TransitionScale:1.0]]
[2023.04.28-17.25.46:484][  0]LogConfig: Setting CVar [[r.Shadow.PreShadowResolutionFactor:1.0]]
[2023.04.28-17.25.46:484][  0]LogConfig: Setting CVar [[r.DistanceFieldShadowing:1]]
[2023.04.28-17.25.46:484][  0]LogConfig: Setting CVar [[r.DistanceFieldAO:1]]
[2023.04.28-17.25.46:484][  0]LogConfig: Setting CVar [[r.AOQuality:2]]
[2023.04.28-17.25.46:484][  0]LogConfig: Setting CVar [[r.VolumetricFog:1]]
[2023.04.28-17.25.46:484][  0]LogConfig: Setting CVar [[r.VolumetricFog.GridPixelSize:8]]
[2023.04.28-17.25.46:484][  0]LogConfig: Setting CVar [[r.VolumetricFog.GridSizeZ:128]]
[2023.04.28-17.25.46:484][  0]LogConfig: Setting CVar [[r.VolumetricFog.HistoryMissSupersampleCount:4]]
[2023.04.28-17.25.46:484][  0]LogConfig: Setting CVar [[r.LightMaxDrawDistanceScale:1]]
[2023.04.28-17.25.46:484][  0]LogConfig: Setting CVar [[r.CapsuleShadows:1]]
[2023.04.28-17.25.46:484][  0]LogConfig: Applying CVar settings from Section [PostProcessQuality@3] File [C:/Users/PC/Documents/Unreal Projects/HUppj/UmutHasanUe4/HUKPSS/Saved/Config/Windows/Scalability.ini]
[2023.04.28-17.25.46:484][  0]LogConfig: Setting CVar [[r.MotionBlurQuality:4]]
[2023.04.28-17.25.46:484][  0]LogConfig: Setting CVar [[r.AmbientOcclusionMipLevelFactor:0.4]]
[2023.04.28-17.25.46:484][  0]LogConfig: Setting CVar [[r.AmbientOcclusionMaxQuality:100]]
[2023.04.28-17.25.46:484][  0]LogConfig: Setting CVar [[r.AmbientOcclusionLevels:-1]]
[2023.04.28-17.25.46:484][  0]LogConfig: Setting CVar [[r.AmbientOcclusionRadiusScale:1.0]]
[2023.04.28-17.25.46:484][  0]LogConfig: Setting CVar [[r.DepthOfFieldQuality:2]]
[2023.04.28-17.25.46:484][  0]LogConfig: Setting CVar [[r.RenderTargetPoolMin:400]]
[2023.04.28-17.25.46:484][  0]LogConfig: Setting CVar [[r.LensFlareQuality:2]]
[2023.04.28-17.25.46:484][  0]LogConfig: Setting CVar [[r.SceneColorFringeQuality:1]]
[2023.04.28-17.25.46:484][  0]LogConfig: Setting CVar [[r.EyeAdaptationQuality:2]]
[2023.04.28-17.25.46:484][  0]LogConfig: Setting CVar [[r.BloomQuality:5]]
[2023.04.28-17.25.46:484][  0]LogConfig: Setting CVar [[r.FastBlurThreshold:100]]
[2023.04.28-17.25.46:484][  0]LogConfig: Setting CVar [[r.Upscale.Quality:3]]
[2023.04.28-17.25.46:484][  0]LogConfig: Setting CVar [[r.Tonemapper.GrainQuantization:1]]
[2023.04.28-17.25.46:484][  0]LogConfig: Setting CVar [[r.LightShaftQuality:1]]
[2023.04.28-17.25.46:484][  0]LogConfig: Setting CVar [[r.Filter.SizeScale:1]]
[2023.04.28-17.25.46:484][  0]LogConfig: Setting CVar [[r.Tonemapper.Quality:5]]
[2023.04.28-17.25.46:484][  0]LogConfig: Setting CVar [[r.DOF.Gather.AccumulatorQuality:1        ; higher gathering accumulator quality]]
[2023.04.28-17.25.46:484][  0]LogConfig: Setting CVar [[r.DOF.Gather.PostfilterMethod:1          ; Median3x3 postfilering method]]
[2023.04.28-17.25.46:484][  0]LogConfig: Setting CVar [[r.DOF.Gather.EnableBokehSettings:0       ; no bokeh simulation when gathering]]
[2023.04.28-17.25.46:484][  0]LogConfig: Setting CVar [[r.DOF.Gather.RingCount:4                 ; medium number of samples when gathering]]
[2023.04.28-17.25.46:484][  0]LogConfig: Setting CVar [[r.DOF.Scatter.ForegroundCompositing:1    ; additive foreground scattering]]
[2023.04.28-17.25.46:484][  0]LogConfig: Setting CVar [[r.DOF.Scatter.BackgroundCompositing:2    ; additive background scattering]]
[2023.04.28-17.25.46:484][  0]LogConfig: Setting CVar [[r.DOF.Scatter.EnableBokehSettings:1      ; bokeh simulation when scattering]]
[2023.04.28-17.25.46:484][  0]LogConfig: Setting CVar [[r.DOF.Scatter.MaxSpriteRatio:0.1         ; only a maximum of 10% of scattered bokeh]]
[2023.04.28-17.25.46:484][  0]LogConfig: Setting CVar [[r.DOF.Recombine.Quality:1                ; cheap slight out of focus]]
[2023.04.28-17.25.46:484][  0]LogConfig: Setting CVar [[r.DOF.Recombine.EnableBokehSettings:0    ; no bokeh simulation on slight out of focus]]
[2023.04.28-17.25.46:484][  0]LogConfig: Setting CVar [[r.DOF.TemporalAAQuality:1                ; more stable temporal accumulation]]
[2023.04.28-17.25.46:484][  0]LogConfig: Setting CVar [[r.DOF.Kernel.MaxForegroundRadius:0.025]]
[2023.04.28-17.25.46:484][  0]LogConfig: Setting CVar [[r.DOF.Kernel.MaxBackgroundRadius:0.025]]
[2023.04.28-17.25.46:484][  0]LogConfig: Applying CVar settings from Section [TextureQuality@3] File [C:/Users/PC/Documents/Unreal Projects/HUppj/UmutHasanUe4/HUKPSS/Saved/Config/Windows/Scalability.ini]
[2023.04.28-17.25.46:484][  0]LogConfig: Setting CVar [[r.Streaming.MipBias:0]]
[2023.04.28-17.25.46:484][  0]LogConfig: Setting CVar [[r.Streaming.AmortizeCPUToGPUCopy:0]]
[2023.04.28-17.25.46:484][  0]LogConfig: Setting CVar [[r.Streaming.MaxNumTexturesToStreamPerFrame:0]]
[2023.04.28-17.25.46:484][  0]LogConfig: Setting CVar [[r.Streaming.Boost:1]]
[2023.04.28-17.25.46:484][  0]LogConfig: Setting CVar [[r.MaxAnisotropy:8]]
[2023.04.28-17.25.46:484][  0]LogConfig: Setting CVar [[r.VT.MaxAnisotropy:8]]
[2023.04.28-17.25.46:484][  0]LogConfig: Setting CVar [[r.Streaming.LimitPoolSizeToVRAM:0]]
[2023.04.28-17.25.46:484][  0]LogConfig: Setting CVar [[r.Streaming.PoolSize:1000]]
[2023.04.28-17.25.46:484][  0]LogConfig: Setting CVar [[r.Streaming.MaxEffectiveScreenSize:0]]
[2023.04.28-17.25.46:484][  0]LogConfig: Applying CVar settings from Section [EffectsQuality@3] File [C:/Users/PC/Documents/Unreal Projects/HUppj/UmutHasanUe4/HUKPSS/Saved/Config/Windows/Scalability.ini]
[2023.04.28-17.25.46:484][  0]LogConfig: Setting CVar [[r.TranslucencyLightingVolumeDim:64]]
[2023.04.28-17.25.46:484][  0]LogConfig: Setting CVar [[r.RefractionQuality:2]]
[2023.04.28-17.25.46:484][  0]LogConfig: Setting CVar [[r.SSR.Quality:3]]
[2023.04.28-17.25.46:484][  0]LogConfig: Setting CVar [[r.SSR.HalfResSceneColor:0]]
[2023.04.28-17.25.46:484][  0]LogConfig: Setting CVar [[r.SceneColorFormat:4]]
[2023.04.28-17.25.46:484][  0]LogConfig: Setting CVar [[r.DetailMode:2]]
[2023.04.28-17.25.46:484][  0]LogConfig: Setting CVar [[r.TranslucencyVolumeBlur:1]]
[2023.04.28-17.25.46:484][  0]LogConfig: Setting CVar [[r.MaterialQualityLevel:1 ; High quality]]
[2023.04.28-17.25.46:484][  0]LogConfig: Setting CVar [[r.AnisotropicMaterials:1]]
[2023.04.28-17.25.46:484][  0]LogConfig: Setting CVar [[r.SSS.Scale:1]]
[2023.04.28-17.25.46:484][  0]LogConfig: Setting CVar [[r.SSS.SampleSet:2]]
[2023.04.28-17.25.46:484][  0]LogConfig: Setting CVar [[r.SSS.Quality:1]]
[2023.04.28-17.25.46:484][  0]LogConfig: Setting CVar [[r.SSS.HalfRes:0]]
[2023.04.28-17.25.46:484][  0]LogConfig: Setting CVar [[r.SSGI.Quality:3]]
[2023.04.28-17.25.46:484][  0]LogConfig: Setting CVar [[r.EmitterSpawnRateScale:1.0]]
[2023.04.28-17.25.46:484][  0]LogConfig: Setting CVar [[r.ParticleLightQuality:2]]
[2023.04.28-17.25.46:484][  0]LogConfig: Setting CVar [[r.SkyAtmosphere.AerialPerspectiveLUT.FastApplyOnOpaque:1 ; Always have FastSkyLUT 1 in this case to avoid wrong sky]]
[2023.04.28-17.25.46:484][  0]LogConfig: Setting CVar [[r.SkyAtmosphere.AerialPerspectiveLUT.SampleCountMaxPerSlice:4]]
[2023.04.28-17.25.46:484][  0]LogConfig: Setting CVar [[r.SkyAtmosphere.AerialPerspectiveLUT.DepthResolution:16.0]]
[2023.04.28-17.25.46:484][  0]LogConfig: Setting CVar [[r.SkyAtmosphere.FastSkyLUT:1]]
[2023.04.28-17.25.46:484][  0]LogConfig: Setting CVar [[r.SkyAtmosphere.FastSkyLUT.SampleCountMin:4.0]]
[2023.04.28-17.25.46:484][  0]LogConfig: Setting CVar [[r.SkyAtmosphere.FastSkyLUT.SampleCountMax:128.0]]
[2023.04.28-17.25.46:484][  0]LogConfig: Setting CVar [[r.SkyAtmosphere.SampleCountMin:4.0]]
[2023.04.28-17.25.46:484][  0]LogConfig: Setting CVar [[r.SkyAtmosphere.SampleCountMax:128.0]]
[2023.04.28-17.25.46:484][  0]LogConfig: Setting CVar [[r.SkyAtmosphere.TransmittanceLUT.UseSmallFormat:0]]
[2023.04.28-17.25.46:484][  0]LogConfig: Setting CVar [[r.SkyAtmosphere.TransmittanceLUT.SampleCount:10.0]]
[2023.04.28-17.25.46:484][  0]LogConfig: Setting CVar [[r.SkyAtmosphere.MultiScatteringLUT.SampleCount:15.0]]
[2023.04.28-17.25.46:484][  0]LogConfig: Setting CVar [[r.SkyLight.RealTimeReflectionCapture:1]]
[2023.04.28-17.25.46:484][  0]LogConfig: Applying CVar settings from Section [FoliageQuality@3] File [C:/Users/PC/Documents/Unreal Projects/HUppj/UmutHasanUe4/HUKPSS/Saved/Config/Windows/Scalability.ini]
[2023.04.28-17.25.46:484][  0]LogConfig: Setting CVar [[foliage.DensityScale:1.0]]
[2023.04.28-17.25.46:484][  0]LogConfig: Setting CVar [[grass.DensityScale:1.0]]
[2023.04.28-17.25.46:484][  0]LogConfig: Applying CVar settings from Section [ShadingQuality@3] File [C:/Users/PC/Documents/Unreal Projects/HUppj/UmutHasanUe4/HUKPSS/Saved/Config/Windows/Scalability.ini]
[2023.04.28-17.25.46:484][  0]LogConfig: Setting CVar [[r.HairStrands.SkyLighting.IntegrationType:2]]
[2023.04.28-17.25.46:485][  0]LogConfig: Setting CVar [[r.HairStrands.SkyAO.SampleCount:4]]
[2023.04.28-17.25.46:485][  0]LogConfig: Setting CVar [[r.HairStrands.Visibility.MSAA.SamplePerPixel:4]]
[2023.04.28-17.25.46:485][  0]LogConfig: Applying CVar settings from Section [Startup] File [../../../Engine/Config/ConsoleVariables.ini]
[2023.04.28-17.25.46:485][  0]LogConfig: Setting CVar [[net.UseAdaptiveNetUpdateFrequency:0]]
[2023.04.28-17.25.46:485][  0]LogConfig: Setting CVar [[p.chaos.AllowCreatePhysxBodies:1]]
[2023.04.28-17.25.46:485][  0]LogConfig: Setting CVar [[fx.SkipVectorVMBackendOptimizations:1]]
[2023.04.28-17.25.46:485][  0]LogConfig: Applying CVar settings from Section [ConsoleVariables] File [C:/Users/PC/Documents/Unreal Projects/HUppj/UmutHasanUe4/HUKPSS/Saved/Config/Windows/Engine.ini]
[2023.04.28-17.25.46:485][  0]LogConfig: Applying CVar settings from Section [ConsoleVariables] File [C:/Users/PC/Documents/Unreal Projects/HUppj/UmutHasanUe4/HUKPSS/Saved/Config/Windows/Editor.ini]
[2023.04.28-17.25.46:485][  0]LogInit: Computer: DESKTOP-44U6EGD
[2023.04.28-17.25.46:485][  0]LogInit: User: PC
[2023.04.28-17.25.46:485][  0]LogInit: CPU Page size=4096, Cores=6
[2023.04.28-17.25.46:485][  0]LogInit: High frequency timer resolution =10.000000 MHz
[2023.04.28-17.25.46:485][  0]LogMemory: Memory total: Physical=15.9GB (16GB approx)
[2023.04.28-17.25.46:485][  0]LogMemory: Platform Memory Stats for Windows
[2023.04.28-17.25.46:485][  0]LogMemory: Process Physical Memory: 144.10 MB used, 144.10 MB peak
[2023.04.28-17.25.46:485][  0]LogMemory: Process Virtual Memory: 129.82 MB used, 129.82 MB peak
[2023.04.28-17.25.46:485][  0]LogMemory: Physical Memory: 9198.68 MB used,  7108.87 MB free, 16307.55 MB total
[2023.04.28-17.25.46:485][  0]LogMemory: Virtual Memory: 134209464.00 MB used,  8265.70 MB free, 134217728.00 MB total
[2023.04.28-17.25.46:491][  0]LogWindows: WindowsPlatformFeatures enabled
[2023.04.28-17.25.46:530][  0]LogInit: Physics initialised using underlying interface: PhysX
[2023.04.28-17.25.46:531][  0]LogInit: Using OS detected language (tr-TR).
[2023.04.28-17.25.46:531][  0]LogInit: Using OS detected locale (tr-TR).
[2023.04.28-17.25.46:538][  0]LogTextLocalizationManager: No localization for 'tr-TR' exists, so 'en' will be used for the language.
[2023.04.28-17.25.46:743][  0]LogInit: Setting process to per monitor DPI aware
[2023.04.28-17.25.46:755][  0]LogWindowsTextInputMethodSystem: Display: IME system deactivated.
[2023.04.28-17.25.46:770][  0]LogSlate: New Slate User Created.  User Index 0, Is Virtual User: 0
[2023.04.28-17.25.46:770][  0]LogSlate: Slate User Registered.  User Index 0, Is Virtual User: 0
[2023.04.28-17.25.46:902][  0]LogD3D11RHI: Loaded GFSDK_Aftermath_Lib.x64.dll
[2023.04.28-17.25.46:905][  0]LogHMD: Failed to initialize OpenVR with code 110
[2023.04.28-17.25.46:905][  0]LogD3D11RHI: D3D11 min allowed feature level: 11_0
[2023.04.28-17.25.46:905][  0]LogD3D11RHI: D3D11 max allowed feature level: 11_0
[2023.04.28-17.25.46:905][  0]LogD3D11RHI: D3D11 adapters:
[2023.04.28-17.25.47:052][  0]LogD3D11RHI:    0. 'NVIDIA GeForce GTX 1650' (Feature Level 11_0)
[2023.04.28-17.25.47:052][  0]LogD3D11RHI:       3949/0/8153 MB DedicatedVideo/DedicatedSystem/SharedSystem, Outputs:1, VendorId:0x10de
[2023.04.28-17.25.47:054][  0]LogD3D11RHI:    1. 'Microsoft Basic Render Driver' (Feature Level 11_0)
[2023.04.28-17.25.47:054][  0]LogD3D11RHI:       0/0/8153 MB DedicatedVideo/DedicatedSystem/SharedSystem, Outputs:0, VendorId:0x1414
[2023.04.28-17.25.47:054][  0]LogD3D11RHI: Chosen D3D11 Adapter:
[2023.04.28-17.25.47:054][  0]LogD3D11RHI:     Description : NVIDIA GeForce GTX 1650
[2023.04.28-17.25.47:054][  0]LogD3D11RHI:     VendorId    : 10de
[2023.04.28-17.25.47:054][  0]LogD3D11RHI:     DeviceId    : 1f82
[2023.04.28-17.25.47:054][  0]LogD3D11RHI:     SubSysId    : 136310de
[2023.04.28-17.25.47:054][  0]LogD3D11RHI:     Revision    : 00a1
[2023.04.28-17.25.47:054][  0]LogD3D11RHI:     DedicatedVideoMemory : 4140826624 bytes
[2023.04.28-17.25.47:054][  0]LogD3D11RHI:     DedicatedSystemMemory : 0 bytes
[2023.04.28-17.25.47:054][  0]LogD3D11RHI:     SharedSystemMemory : 8549855232 bytes
[2023.04.28-17.25.47:054][  0]LogD3D11RHI:     AdapterLuid : 0 1145706201
[2023.04.28-17.25.47:062][  0]LogD3D11RHI: Creating new Direct3DDevice
[2023.04.28-17.25.47:062][  0]LogD3D11RHI:     GPU DeviceId: 0x1f82 (for the marketing name, search the web for "GPU Device Id")
[2023.04.28-17.25.47:062][  0]LogWindows: EnumDisplayDevices:
[2023.04.28-17.25.47:062][  0]LogWindows:    0. 'NVIDIA GeForce GTX 1650' (P:1 D:1)
[2023.04.28-17.25.47:062][  0]LogWindows:    1. 'NVIDIA GeForce GTX 1650' (P:0 D:0)
[2023.04.28-17.25.47:063][  0]LogWindows:    2. 'NVIDIA GeForce GTX 1650' (P:0 D:0)
[2023.04.28-17.25.47:063][  0]LogWindows:    3. 'NVIDIA GeForce GTX 1650' (P:0 D:0)
[2023.04.28-17.25.47:063][  0]LogWindows: DebugString: FoundDriverCount:4 
[2023.04.28-17.25.47:063][  0]LogD3D11RHI:     Adapter Name: NVIDIA GeForce GTX 1650
[2023.04.28-17.25.47:063][  0]LogD3D11RHI:   Driver Version: 531.41 (internal:31.0.15.3141, unified:531.41)
[2023.04.28-17.25.47:063][  0]LogD3D11RHI:      Driver Date: 3-16-2023
[2023.04.28-17.25.47:063][  0]LogRHI: Texture pool is 2764 MB (70% of 3949 MB)
[2023.04.28-17.25.47:063][  0]LogD3D11RHI: Creating D3DDevice using adapter:
[2023.04.28-17.25.47:063][  0]LogD3D11RHI:     Description : NVIDIA GeForce GTX 1650
[2023.04.28-17.25.47:063][  0]LogD3D11RHI:     VendorId    : 10de
[2023.04.28-17.25.47:063][  0]LogD3D11RHI:     DeviceId    : 1f82
[2023.04.28-17.25.47:063][  0]LogD3D11RHI:     SubSysId    : 136310de
[2023.04.28-17.25.47:063][  0]LogD3D11RHI:     Revision    : 00a1
[2023.04.28-17.25.47:063][  0]LogD3D11RHI:     DedicatedVideoMemory : 4140826624 bytes
[2023.04.28-17.25.47:063][  0]LogD3D11RHI:     DedicatedSystemMemory : 0 bytes
[2023.04.28-17.25.47:063][  0]LogD3D11RHI:     SharedSystemMemory : 8549855232 bytes
[2023.04.28-17.25.47:063][  0]LogD3D11RHI:     AdapterLuid : 0 1145706201
[2023.04.28-17.25.47:183][  0]LogD3D11RHI: RHI has support for 64 bit atomics
[2023.04.28-17.25.47:183][  0]LogD3D11RHI: Async texture creation enabled
[2023.04.28-17.25.47:183][  0]LogD3D11RHI: Array index from any shader is supported
[2023.04.28-17.25.47:208][  0]LogD3D11RHI: GPU Timing Frequency: 1000.000000 (Debug: 2 1)
[2023.04.28-17.25.47:239][  0]LogRHI: GeForceNow SDK initialized: 1
[2023.04.28-17.25.47:624][  0]LogTargetPlatformManager: Display: Loaded TargetPlatform 'AllDesktop'
[2023.04.28-17.25.47:649][  0]LogTargetPlatformManager: Display: Loaded TargetPlatform 'Android'
[2023.04.28-17.25.47:649][  0]LogTargetPlatformManager: Display: Loaded TargetPlatform 'Android_ASTC'
[2023.04.28-17.25.47:649][  0]LogTargetPlatformManager: Display: Loaded TargetPlatform 'Android_DXT'
[2023.04.28-17.25.47:649][  0]LogTargetPlatformManager: Display: Loaded TargetPlatform 'Android_ETC2'
[2023.04.28-17.25.47:649][  0]LogTargetPlatformManager: Display: Loaded TargetPlatform 'AndroidClient'
[2023.04.28-17.25.47:649][  0]LogTargetPlatformManager: Display: Loaded TargetPlatform 'Android_ASTCClient'
[2023.04.28-17.25.47:649][  0]LogTargetPlatformManager: Display: Loaded TargetPlatform 'Android_DXTClient'
[2023.04.28-17.25.47:649][  0]LogTargetPlatformManager: Display: Loaded TargetPlatform 'Android_ETC2Client'
[2023.04.28-17.25.47:649][  0]LogTargetPlatformManager: Display: Loaded TargetPlatform 'Android_Multi'
[2023.04.28-17.25.47:649][  0]LogTargetPlatformManager: Display: Loaded TargetPlatform 'Android_MultiClient'
[2023.04.28-17.25.47:670][  0]LogTargetPlatformManager: Display: Loaded TargetPlatform 'IOSClient'
[2023.04.28-17.25.47:670][  0]LogTargetPlatformManager: Display: Loaded TargetPlatform 'IOS'
[2023.04.28-17.25.47:680][  0]LogTargetPlatformManager: Display: Loaded TargetPlatform 'Linux'
[2023.04.28-17.25.47:685][  0]LogTargetPlatformManager: Display: Loaded TargetPlatform 'LinuxNoEditor'
[2023.04.28-17.25.47:691][  0]LogTargetPlatformManager: Display: Loaded TargetPlatform 'LinuxClient'
[2023.04.28-17.25.47:696][  0]LogTargetPlatformManager: Display: Loaded TargetPlatform 'LinuxServer'
[2023.04.28-17.25.47:707][  0]LogTargetPlatformManager: Display: Loaded TargetPlatform 'LinuxAArch64NoEditor'
[2023.04.28-17.25.47:712][  0]LogTargetPlatformManager: Display: Loaded TargetPlatform 'LinuxAArch64Client'
[2023.04.28-17.25.47:718][  0]LogTargetPlatformManager: Display: Loaded TargetPlatform 'LinuxAArch64Server'
[2023.04.28-17.25.47:746][  0]LogTargetPlatformManager: Display: Loaded TargetPlatform 'Lumin'
[2023.04.28-17.25.47:746][  0]LogTargetPlatformManager: Display: Loaded TargetPlatform 'LuminClient'
[2023.04.28-17.25.47:756][  0]LogTargetPlatformManager: Display: Loaded TargetPlatform 'MacNoEditor'
[2023.04.28-17.25.47:761][  0]LogTargetPlatformManager: Display: Loaded TargetPlatform 'Mac'
[2023.04.28-17.25.47:766][  0]LogTargetPlatformManager: Display: Loaded TargetPlatform 'MacClient'
[2023.04.28-17.25.47:771][  0]LogTargetPlatformManager: Display: Loaded TargetPlatform 'MacServer'
[2023.04.28-17.25.47:784][  0]LogTargetPlatformManager: Display: Loaded TargetPlatform 'TVOSClient'
[2023.04.28-17.25.47:784][  0]LogTargetPlatformManager: Display: Loaded TargetPlatform 'TVOS'
[2023.04.28-17.25.47:794][  0]LogTargetPlatformManager: Display: Loaded TargetPlatform 'WindowsNoEditor'
[2023.04.28-17.25.47:800][  0]LogTargetPlatformManager: Display: Loaded TargetPlatform 'Windows'
[2023.04.28-17.25.47:805][  0]LogTargetPlatformManager: Display: Loaded TargetPlatform 'WindowsClient'
[2023.04.28-17.25.47:811][  0]LogTargetPlatformManager: Display: Loaded TargetPlatform 'WindowsServer'
[2023.04.28-17.25.47:811][  0]LogTargetPlatformManager: Display: Building Assets For Windows
[2023.04.28-17.25.47:819][  0]LogAudioDebug: Display: Lib vorbis DLL was dynamically loaded.
[2023.04.28-17.25.47:857][  0]LogTextureFormatOodle: Display: Oodle Texture 2.9.0 init RDO Off
[2023.04.28-17.25.47:892][  0]LogRendererCore: Ray tracing is disabled. Reason: r.RayTracing=0.
[2023.04.28-17.25.47:892][  0]LogShaderCompilers: Guid format shader working directory is -36 characters bigger than the processId version (../../../../../../Users/PC/Documents/Unreal Projects/HUppj/UmutHasanUe4/HUKPSS/Intermediate/Shaders/WorkingDirectory/22396/).
[2023.04.28-17.25.47:892][  0]LogShaderCompilers: Cleaned the shader compiler working directory 'C:/Users/PC/AppData/Local/Temp/UnrealShaderWorkingDir/5A6F8AB346A97458247883AFC51E305C/'.
[2023.04.28-17.25.47:893][  0]LogXGEController: Cannot use XGE Controller as Incredibuild is not installed on this machine.
[2023.04.28-17.25.47:893][  0]LogShaderCompilers: Cannot use XGE Shader Compiler as Incredibuild is not installed on this machine.
[2023.04.28-17.25.47:893][  0]LogShaderCompilers: Display: Using Local Shader Compiler.
[2023.04.28-17.25.48:657][  0]LogDerivedDataCache: Display: Max Cache Size: 512 MB
[2023.04.28-17.25.48:738][  0]LogDerivedDataCache: Loaded boot cache 0.08s 94MB C:/Users/PC/AppData/Local/UnrealEngine/4.27/DerivedDataCache/Boot.ddc.
[2023.04.28-17.25.48:738][  0]LogDerivedDataCache: Display: Loaded Boot cache: C:/Users/PC/AppData/Local/UnrealEngine/4.27/DerivedDataCache/Boot.ddc
[2023.04.28-17.25.48:739][  0]LogDerivedDataCache: FDerivedDataBackendGraph:  Pak pak cache file ../../../../../../Users/PC/Documents/Unreal Projects/HUppj/UmutHasanUe4/HUKPSS/DerivedDataCache/DDC.ddp not found, will not use a pak cache.
[2023.04.28-17.25.48:739][  0]LogDerivedDataCache: Unable to find inner node Pak for hierarchical cache Hierarchy.
[2023.04.28-17.25.48:739][  0]LogDerivedDataCache: FDerivedDataBackendGraph:  CompressedPak pak cache file ../../../../../../Users/PC/Documents/Unreal Projects/HUppj/UmutHasanUe4/HUKPSS/DerivedDataCache/Compressed.ddp not found, will not use a pak cache.
[2023.04.28-17.25.48:739][  0]LogDerivedDataCache: Unable to find inner node CompressedPak for hierarchical cache Hierarchy.
[2023.04.28-17.25.48:758][  0]LogDerivedDataCache: Display: Pak cache opened for reading ../../../Engine/DerivedDataCache/Compressed.ddp.
[2023.04.28-17.25.48:758][  0]LogDerivedDataCache: FDerivedDataBackendGraph:  EnterprisePak pak cache file ../../../Enterprise/DerivedDataCache/Compressed.ddp not found, will not use a pak cache.
[2023.04.28-17.25.48:758][  0]LogDerivedDataCache: Unable to find inner node EnterprisePak for hierarchical cache Hierarchy.
[2023.04.28-17.25.48:765][  0]LogDerivedDataCache: Speed tests for C:/Users/PC/AppData/Local/UnrealEngine/Common/DerivedDataCache took 0.01 seconds
[2023.04.28-17.25.48:765][  0]LogDerivedDataCache: Display: Performance to C:/Users/PC/AppData/Local/UnrealEngine/Common/DerivedDataCache: Latency=0.03ms. RandomReadSpeed=1170.30MBs, RandomWriteSpeed=164.99MBs. Assigned SpeedClass 'Local'
[2023.04.28-17.25.48:766][  0]LogDerivedDataCache: Using Local data cache path C:/Users/PC/AppData/Local/UnrealEngine/Common/DerivedDataCache: Writable
[2023.04.28-17.25.48:766][  0]LogDerivedDataCache: Shared data cache path not found in *engine.ini, will not use an Shared cache.
[2023.04.28-17.25.48:766][  0]LogDerivedDataCache: Unable to find inner node Shared for hierarchical cache Hierarchy.
[2023.04.28-17.25.48:814][  0]LogSlate: Using FreeType 2.10.0
[2023.04.28-17.25.48:815][  0]LogSlate: SlateFontServices - WITH_FREETYPE: 1, WITH_HARFBUZZ: 1
[2023.04.28-17.25.48:843][  0]LogAssetRegistry: FAssetRegistry took 0.0033 seconds to start up
[2023.04.28-17.25.49:127][  0]LogInit: Selected Device Profile: [Windows]
[2023.04.28-17.25.49:127][  0]LogInit: Active device profile: [0000019B23B61300][0000019B25CAA140 49] Windows
[2023.04.28-17.25.49:127][  0]LogInit: Profiles: [0000019B23B61300][0000019B25CAA140 49] Windows, [0000019B23B26800][0000019B25CB22C0 49] WindowsNoEditor, [0000019B23B62500][0000019B25CB6440 49] WindowsServer, [0000019B23B27600][0000019B25CBA5C0 49] WindowsClient, [0000019B23B63200][0000019B25CBE740 49] IOS, [0000019B23B25300][0000019B25CC28C0 49] iPadAir, [0000019B23B62900][0000019B25CAEA00 49] iPadAir2, [0000019B23AD9C00][0000019B25CD0C40 49] IPadPro, [0000019B23AD9D00][0000019B25CC6C80 49] iPadAir3, [0000019B23B27C00][0000019B25CDADC0 49] iPadAir4, [0000019B23ADAC00][0000019B267A6F40 49] iPadMini2, [0000019B23B25600][0000019B267AB0C0 49] iPadMini3, [0000019B23AD8B00][0000019B267AF240 49] iPadMini4, [0000019B23B27D00][0000019B267B33C0 49] iPadMini5, [0000019B23B0D300][0000019B267BB680 49] iPhone6, [0000019B23B0D400][0000019B267B76C0 49] iPodTouch6, [0000019B23B61600][0000019B267C3980 49] iPhone7, [0000019B23B62B00][0000019B267BF9C0 49] iPodTouch7, [0000019B23ADBB00][0000019B267C7B40 49] iPhone5S, [0000019B23B61800][0000019B267CA140 49] iPhone6Plus, [0000019B23ADB000][0000019B267CE2C0 49] iPhone6S, [0000019B23B63B00][0000019B267D2440 49] iPhone6SPlus, [0000019B23AD9500][0000019B267D65C0 49] iPhone7Plus, [0000019B23B60100][0000019B267DA740 49] iPhoneSE, [0000019B23B60B00][0000019B267DE8C0 49] iPhone8, [0000019B23B0C800][0000019B267E2A40 49] iPhone8Plus, [0000019B23B61400][0000019B267A2B80 49] iPhoneX, [0000019B23B0CF00][0000019B267E6CC0 49] iPhoneXS, [0000019B23B63700][0000019B267EAE00 49] iPhoneXSMax, [0000019B23B0F100][0000019B267EEF40 49] iPhoneXR, [0000019B23B63800][0000019B267F70C0 49] iPhone11, [0000019B23B0FD00][0000019B267FB240 49] iPhone11Pro, [0000019B23ADA700][0000019B267FF3C0 49] iPhone11ProMax, [0000019B23B0C600][0000019B26803540 49] iPhoneSE2, [0000019B23ADA100][0000019B268076C0 49] iPhone12Mini, [0000019B23B0F800][0000019B2680B840 49] iPhone12, [0000019B23AD9A00][0000019B2680F9C0 49] iPhone12Pro, [0000019B23B0DE00][0000019B26813B40 49] iPhone12ProMax, [0000019B23ADBF00][0000019B26816140 49] iPadPro105, [0000019B23B0F400][0000019B2681A2C0 49] iPadPro129, [0000019B23ADB700][0000019B2681E440 49] iPadPro97, [0000019B23B0E200][0000019B268225C0 49] iPadPro2_129, [0000019B23AD9600][0000019B26826740 49] iPad5, [0000019B23B0CC00][0000019B2682A8C0 49] iPad6, [0000019B23ADA500][0000019B2682EA40 49] iPad7, [0000019B23B0EB00][0000019B26832BC0 49] iPad8, [0000019B23AD9300][0000019B26836D40 49] iPadPro11, [0000019B23B0FE00][0000019B267F2E80 49] iPadPro2_11, [0000019B23ADA000][0000019B2683AFC0 49] iPadPro3_129, [0000019B23B0C100][0000019B2683F100 49] iPadPro4_129, [0000019B23AD8F00][0000019B26847280 49] AppleTV, [0000019B23B0FB00][0000019B2684B400 49] AppleTV4K, [0000019B23AD9800][0000019B2684F580 49] TVOS, [0000019B23B0C400][0000019B26853700 49] Mac, [0000019B23ADB400][0000019B26857880 49] MacClient, [0000019B23B0E800][0000019B2685BA00 49] MacNoEditor, [0000019B23ADAD00][0000019B2685FB80 49] MacServer, [0000019B23B0D900][0000019B26862180 49] Linux, [0000019B23ADB200][0000019B26866300 49] LinuxAArch64, [0000019B23B0E000][0000019B2686A480 49] LinuxNoEditor, [0000019B23ADA800][0000019B2686E600 49] LinuxAArch64NoEditor, [0000019B23B0CA00][0000019B26872780 49] LinuxClient, [0000019B23AD8500][0000019B26876900 49] LinuxAArch64Client, [0000019B23B0E100][0000019B2687AA80 49] LinuxServer, [0000019B23ADB100][0000019B2687EC00 49] LinuxAArch64Server, [0000019B23B0EE00][0000019B26882D80 49] Android, [0000019B23ADB500][0000019B26886F00 49] Android_Low, [0000019B23B0C900][0000019B26843040 49] Android_Mid, [0000019B23ADBA00][0000019B2688B180 49] Android_High, [0000019B23B0D700][0000019B2688F2C0 49] Android_Default, [0000019B23AD8300][0000019B26897440 49] Android_Adreno4xx, [0000019B23B0CE00][0000019B2689B5C0 49] Android_Adreno5xx_Low, [0000019B23AD8E00][0000019B2689F740 49] Android_Adreno5xx, [0000019B23B0F300][0000019B268A38C0 49] Android_Adreno6xx, [0000019B23ADA600][0000019B268A7A40 49] Android_Adreno6xx_Vulkan, [0000019B23B0E400][0000019B268ABBC0 49] Android_Mali_T6xx, [0000019B23ADBE00][0000019B268AE1C0 49] Android_Mali_T7xx, [0000019B23B0C500][0000019B268B2340 49] Android_Mali_T8xx, [0000019B23ADB300][0000019B268B64C0 49] Android_Mali_G71, [0000019B23B0F600][0000019B268BA640 49] Android_Mali_G72, [0000019B23AD9B00][0000019B268BE7C0 49] Android_Mali_G72_Vulkan, [0000019B23B0EC00][0000019B268C2940 49] Android_Mali_G76, [0000019B23ADAF00][0000019B268C6AC0 49] Android_Mali_G76_Vulkan, [0000019B23B60300][0000019B268CAC40 49] Android_Mali_G77, [0000019B23B26F00][0000019B268CEDC0 49] Android_Mali_G77_Vulkan, [0000019B23B62A00][0000019B268D2F40 49] Android_Mali_G78, [0000019B23B27B00][0000019B268D70C0 49] Android_Mali_G78_Vulkan, [0000019B23B60900][0000019B26893200 49] Android_Mali_G710, [0000019B23B26600][0000019B268DB340 49] Android_Mali_G710_Vulkan, [0000019B23B63300][0000019B268DF480 49] Android_Vulkan_SM5, [0000019B23B25400][0000019B268E35C0 49] Android_PowerVR_G6xxx, [0000019B23B60600][0000019B268EB740 49] Android_PowerVR_GT7xxx, [0000019B23B27100][0000019B268EF8C0 49] Android_PowerVR_GE8xxx, [0000019B23B62000][0000019B268F3A40 49] Android_PowerVR_GM9xxx, [0000019B23B26900][0000019B268F7BC0 49] Android_PowerVR_GM9xxx_Vulkan, [0000019B23B63600][0000019B268FA1C0 49] Android_TegraK1, [0000019B23B25000][0000019B268FE340 49] Android_Unknown_Vulkan, [0000019B23B62100][0000019B269024C0 49] Lumin, [0000019B23B27E00][0000019B26906640 49] Lumin_Desktop, [0000019B23B61D00][0000019B2690A7C0 49] HoloLens, 
[2023.04.28-17.25.49:252][  0]LogMeshReduction: Using QuadricMeshReduction for automatic static mesh reduction
[2023.04.28-17.25.49:252][  0]LogMeshReduction: Using SimplygonMeshReduction for automatic skeletal mesh reduction
[2023.04.28-17.25.49:252][  0]LogMeshReduction: Using ProxyLODMeshReduction for automatic mesh merging
[2023.04.28-17.25.49:252][  0]LogMeshReduction: No distributed automatic mesh merging module available
[2023.04.28-17.25.49:253][  0]LogMeshMerging: No distributed automatic mesh merging module available
[2023.04.28-17.25.49:270][  0]LogNetVersion: HUKPSS 1.0.0, NetCL: 17155196, EngineNetVer: 17, GameNetVer: 0 (Checksum: 817214809)
[2023.04.28-17.25.49:669][  0]LogTexture: Default maximum texture size for cubemaps generated from long-lat sources has been changed from 512 to unlimited. In order to preserve old behaiour for '/Engine/MapTemplates/Sky/DaylightAmbientCubemap.DaylightAmbientCubemap', its maximum texture size has been explicitly set to 512.
[2023.04.28-17.25.49:740][  0]LogHMD: PokeAHoleMaterial loaded successfully
[2023.04.28-17.25.49:747][  0]LogUObjectArray: 17178 objects as part of root set at end of initial load.
[2023.04.28-17.25.49:747][  0]LogUObjectAllocator: 4302048 out of 0 bytes used by permanent object pool.
[2023.04.28-17.25.49:747][  0]LogUObjectArray: CloseDisregardForGC: 0/0 objects in disregard for GC pool
[2023.04.28-17.25.50:053][  0]LogNiagaraDebuggerClient: Niagara Debugger Client Initialized | Session: C9EFE22E49876F3B3843FEBF84E7B5A7 | Instance: 14CF7CEF4EEB2695B3B5789DC1787E4B (DESKTOP-44U6EGD-22396).
[2023.04.28-17.25.50:092][  0]LogPython: Using Python 3.7.7
[2023.04.28-17.25.50:694][  0]LogTcpMessaging: Initializing TcpMessaging bridge
[2023.04.28-17.25.50:713][  0]LogUdpMessaging: Initializing bridge on interface 0.0.0.0:0 to multicast group 230.0.0.1:6666.
[2023.04.28-17.25.50:790][  0]LogLinker: Warning: Failed to load '/Game/TopDownBP/TopDownOverview': Can't find file.
[2023.04.28-17.25.50:790][  0]LogLinker: Warning: Failed to load '/Game/TopDownBP/TopDownOverview': Can't find file.
[2023.04.28-17.25.50:790][  0]LogUObjectGlobals: Warning: Failed to find object 'Class /Game/TopDownBP/TopDownOverview.TopDownOverview_C'
[2023.04.28-17.25.50:940][  0]SourceControl: Source control is disabled
[2023.04.28-17.25.50:940][  0]SourceControl: Source control is disabled
[2023.04.28-17.25.50:943][  0]SourceControl: Source control is disabled
[2023.04.28-17.25.50:946][  0]SourceControl: Source control is disabled
[2023.04.28-17.25.50:952][  0]SourceControl: Source control is disabled
[2023.04.28-17.25.50:959][  0]LogUProjectInfo: Found projects:
[2023.04.28-17.25.51:125][  0]LogOpenImageDenoise: OIDN starting up
[2023.04.28-17.25.51:175][  0]LogAndroidPermission: UAndroidPermissionCallbackProxy::GetInstance
[2023.04.28-17.25.51:201][  0]LogAudioCaptureCore: Display: No Audio Capture implementations found. Audio input will be silent.
[2023.04.28-17.25.51:201][  0]LogAudioCaptureCore: Display: No Audio Capture implementations found. Audio input will be silent.
[2023.04.28-17.25.51:336][  0]LogCollectionManager: Loaded 0 collections in 0.001754 seconds
[2023.04.28-17.25.51:378][  0]LogFileCache: Scanning file cache for directory 'C:/Users/PC/Documents/Unreal Projects/HUppj/UmutHasanUe4/HUKPSS/Saved/Collections/' took 0.00s
[2023.04.28-17.25.51:378][  0]LogFileCache: Scanning file cache for directory 'C:/Users/PC/Documents/Unreal Projects/HUppj/UmutHasanUe4/HUKPSS/Content/Developers/PC/Collections/' took 0.00s
[2023.04.28-17.25.51:378][  0]LogFileCache: Scanning file cache for directory 'C:/Users/PC/Documents/Unreal Projects/HUppj/UmutHasanUe4/HUKPSS/Content/Collections/' took 0.00s
[2023.04.28-17.25.51:378][  0]LogOcInput: OculusInput pre-init called
[2023.04.28-17.25.51:633][  0]LogEngine: Initializing Engine...
[2023.04.28-17.25.51:635][  0]LogHMD: Failed to enumerate extensions. Please check that you have a valid OpenXR runtime installed.
[2023.04.28-17.25.51:635][  0]LogHMD: Failed to initialize OpenVR with code 110
[2023.04.28-17.25.51:635][  0]LogMagicLeap: Warning: VR disabled because ZI is not enabled.  To enable, in the editor, Edit -> Project Settings -> Plugins -> Magic Leap Plugin -> Enable Zero Iteration
[2023.04.28-17.25.51:636][  0]LogStats: UGameplayTagsManager::InitializeManager -  0.000 s
[2023.04.28-17.25.51:771][  0]LogInit: Initializing FReadOnlyCVARCache
[2023.04.28-17.25.51:785][  0]LogAIModule: Creating AISystem for world Untitled
[2023.04.28-17.25.51:785][  0]LogAudio: Display: Initializing Audio Device Manager...
[2023.04.28-17.25.51:788][  0]LogAudio: Display: Loading Default Audio Settings Objects...
[2023.04.28-17.25.51:789][  0]LogAudio: Display: No default SoundConcurrencyObject specified (or failed to load).
[2023.04.28-17.25.51:789][  0]LogAudio: Display: Audio Device Manager Initialized
[2023.04.28-17.25.51:789][  0]LogAudio: Display: Creating Audio Device:                 Id: 1, Scope: Shared, Realtime: True
[2023.04.28-17.25.51:789][  0]LogAudioMixer: Display: Audio Mixer Platform Settings:
[2023.04.28-17.25.51:789][  0]LogAudioMixer: Display: 	Sample Rate:						  48000
[2023.04.28-17.25.51:789][  0]LogAudioMixer: Display: 	Callback Buffer Frame Size Requested: 1024
[2023.04.28-17.25.51:789][  0]LogAudioMixer: Display: 	Callback Buffer Frame Size To Use:	  1024
[2023.04.28-17.25.51:789][  0]LogAudioMixer: Display: 	Number of buffers to queue:			  2
[2023.04.28-17.25.51:789][  0]LogAudioMixer: Display: 	Max Channels (voices):				  32
[2023.04.28-17.25.51:789][  0]LogAudioMixer: Display: 	Number of Async Source Workers:		  0
[2023.04.28-17.25.51:789][  0]LogAudio: Display: AudioDevice MaxSources: 32
[2023.04.28-17.25.51:789][  0]LogAudio: Display: Audio Spatialization Plugin: None (built-in).
[2023.04.28-17.25.51:789][  0]LogAudio: Display: Audio Reverb Plugin: None (built-in).
[2023.04.28-17.25.51:789][  0]LogAudio: Display: Audio Occlusion Plugin: None (built-in).
[2023.04.28-17.25.51:789][  0]LogAudioMixer: Display: Initializing audio mixer.
[2023.04.28-17.25.51:802][  0]LogAudioMixer: Display: 0: FrontLeft
[2023.04.28-17.25.51:802][  0]LogAudioMixer: Display: 1: FrontRight
[2023.04.28-17.25.51:814][  0]LogAudioMixer: Display: Using Audio Device CABLE Input (VB-Audio Virtual Cable)
[2023.04.28-17.25.51:817][  0]LogAudioMixer: Display: Initializing Sound Submixes...
[2023.04.28-17.25.51:819][  0]LogAudioMixer: Display: Creating Master Submix 'MasterSubmixDefault'
[2023.04.28-17.25.51:819][  0]LogAudioMixer: Display: Creating Master Submix 'MasterReverbSubmixDefault'
[2023.04.28-17.25.51:820][  0]LogAudioMixer: Display: Creating Master Submix 'MasterEQSubmixDefault'
[2023.04.28-17.25.51:820][  0]LogAudioMixer: FMixerPlatformXAudio2::StartAudioStream() called
[2023.04.28-17.25.51:820][  0]LogAudioMixer: Display: Output buffers initialized: Frames=1024, Channels=2, Samples=2048
[2023.04.28-17.25.51:821][  0]LogAudioMixer: Display: Starting AudioMixerPlatformInterface::RunInternal()
[2023.04.28-17.25.51:821][  0]LogAudioMixer: Display: FMixerPlatformXAudio2::SubmitBuffer() called for the first time
[2023.04.28-17.25.51:821][  0]LogInit: FAudioDevice initialized.
[2023.04.28-17.25.51:822][  0]LogAudio: Display: Audio Device (ID: 1) registered with world 'Untitled'.
[2023.04.28-17.25.51:822][  0]LogNetVersion: Set ProjectVersion to 1.0.0.0. Version Checksum will be recalculated on next use.
[2023.04.28-17.25.51:939][  0]LogDerivedDataCache: Saved boot cache 0.12s 94MB C:/Users/PC/AppData/Local/UnrealEngine/4.27/DerivedDataCache/Boot.ddc.
[2023.04.28-17.25.51:940][  0]LogInit: Texture streaming: Enabled
[2023.04.28-17.25.51:954][  0]LogAnalytics: Display: [UEEditor.Rocket.Release] APIServer = https://datarouter.ol.epicgames.com/. AppVersion = 4.27.2-18319896+++UE4+Release-4.27
[2023.04.28-17.25.51:957][  0]LogEngineSessionManager: EngineSessionManager initialized
[2023.04.28-17.25.51:957][  0]LogEditorSessionSummary: Verbose: Initializing EditorSessionSummaryWriter for editor session tracking
[2023.04.28-17.25.51:959][  0]LogEditorSessionSummary: EditorSessionSummaryWriter initialized
[2023.04.28-17.25.51:977][  0]LogInit: Transaction tracking system initialized
[2023.04.28-17.25.51:998][  0]BlueprintLog: New page: Editor Load
[2023.04.28-17.25.52:076][  0]LocalizationService: Localization service is disabled
[2023.04.28-17.25.52:100][  0]TimingProfiler: Initialize
[2023.04.28-17.25.52:100][  0]TimingProfiler: OnSessionChanged
[2023.04.28-17.25.52:100][  0]LoadingProfiler: Initialize
[2023.04.28-17.25.52:100][  0]LoadingProfiler: OnSessionChanged
[2023.04.28-17.25.52:100][  0]NetworkingProfiler: Initialize
[2023.04.28-17.25.52:100][  0]NetworkingProfiler: OnSessionChanged
[2023.04.28-17.25.52:100][  0]MemoryProfiler: Initialize
[2023.04.28-17.25.52:100][  0]MemoryProfiler: OnSessionChanged
[2023.04.28-17.25.52:278][  0]LogCook: Display: CookSettings for Memory: MemoryMaxUsedVirtual 0MiB, MemoryMaxUsedPhysical 16384MiB, MemoryMinFreeVirtual 0MiB, MemoryMinFreePhysical 1024MiB
[2023.04.28-17.25.52:278][  0]LogCook: Display: Mobile HDR setting 1
[2023.04.28-17.25.52:480][  0]LogFileCache: Scanning file cache for directory 'C:/Users/PC/Documents/Unreal Projects/HUppj/UmutHasanUe4/HUKPSS/Content/' took 0.00s
[2023.04.28-17.25.52:665][  0]LogInit: Display: Engine is initialized. Leaving FEngineLoop::Init()
[2023.04.28-17.25.52:670][  0]SourceControl: Source control is disabled
[2023.04.28-17.25.52:670][  0]LogUnrealEdMisc: Loading editor; pre map load, took 7.379
[2023.04.28-17.25.52:670][  0]Cmd: MAP LOAD FILE="../../../../../../Users/PC/Documents/Unreal Projects/HUppj/UmutHasanUe4/HUKPSS/Content/ThirdPersonBP/Maps/ThirdPersonExampleMap.umap" TEMPLATE=0 SHOWPROGRESS=1 FEATURELEVEL=3
[2023.04.28-17.25.52:671][  0]LightingResults: New page: Lighting Build
[2023.04.28-17.25.52:672][  0]LogWorld: UWorld::CleanupWorld for Untitled, bSessionEnded=true, bCleanupResources=true
[2023.04.28-17.25.52:672][  0]LogSlate: InvalidateAllWidgets triggered.  All widgets were invalidated
[2023.04.28-17.25.52:672][  0]MapCheck: New page: Map Check
[2023.04.28-17.25.52:672][  0]LightingResults: New page: Lighting Build
[2023.04.28-17.25.52:676][  0]LogAudio: Display: Audio Device unregistered from world 'None'.
[2023.04.28-17.25.52:680][  0]LogUObjectHash: Compacting FUObjectHashTables data took   0.98ms
[2023.04.28-17.25.52:942][  0]LogAudio: Display: Audio Device (ID: 1) registered with world 'ThirdPersonExampleMap'.
[2023.04.28-17.25.52:943][  0]LogAIModule: Creating AISystem for world ThirdPersonExampleMap
[2023.04.28-17.25.52:949][  0]LogEditorServer: Finished looking for orphan Actors (0.000 secs)
[2023.04.28-17.25.52:957][  0]LogUObjectHash: Compacting FUObjectHashTables data took   1.13ms
[2023.04.28-17.25.52:957][  0]Cmd: MAP CHECKDEP NOCLEARLOG
[2023.04.28-17.25.52:958][  0]MapCheck: Map check complete: 0 Error(s), 0 Warning(s), took 0,346ms to complete.
[2023.04.28-17.25.52:958][  0]LogFileHelpers: Loading map 'ThirdPersonExampleMap' took 0.288
[2023.04.28-17.25.52:960][  0]LogUnrealEdMisc: Total Editor Startup Time, took 7.669
[2023.04.28-17.25.53:062][  0]LogSlate: Updating window title bar state: overlay mode, drag disabled, window buttons hidden, title bar hidden
[2023.04.28-17.25.53:068][  0]LogSlate: Updating window title bar state: overlay mode, drag disabled, window buttons hidden, title bar hidden
[2023.04.28-17.25.53:075][  0]LogSlate: Updating window title bar state: overlay mode, drag disabled, window buttons hidden, title bar hidden
[2023.04.28-17.25.53:081][  0]LogSlate: Updating window title bar state: overlay mode, drag disabled, window buttons hidden, title bar hidden
[2023.04.28-17.25.53:096][  0]LogNativeClassHierarchy: Verbose: Native class hierarchy populated in 0.0116 seconds. Added 3822 classes and 928 folders.
[2023.04.28-17.25.53:099][  0]LogNativeClassHierarchy: Verbose: Native class hierarchy updated for 'WidgetCarousel' in 0.0004 seconds. Added 0 classes and 0 folders.
[2023.04.28-17.25.53:101][  0]LogPakFile: PakFile PrimaryIndexSize=187
[2023.04.28-17.25.53:101][  0]LogPakFile: PakFile PathHashIndexSize=101
[2023.04.28-17.25.53:101][  0]LogPakFile: PakFile FullDirectoryIndexSize=148
[2023.04.28-17.25.53:101][  0]LogShaderLibrary: Display: ShaderCodeLibraryPakFileMountedCallback: PakFile 'C:/Program Files/Epic Games/UE_4.27/FeaturePacks/FP_FirstPerson.upack' (chunk index -1, root 'root:/') mounted
[2023.04.28-17.25.53:101][  0]LogShaderLibrary: Display: ShaderCodeLibraryPakFileMountedCallback: pending pak file info (ChunkID:-1 Root:root:/ File:C:/Program Files/Epic Games/UE_4.27/FeaturePacks/FP_FirstPerson.upack)
[2023.04.28-17.25.53:101][  0]LogPakFile: OnPakFileMounted2Time == 0.000048
[2023.04.28-17.25.53:101][  0]LogPakFile: PakFile PrimaryIndexSize=189
[2023.04.28-17.25.53:101][  0]LogPakFile: PakFile PathHashIndexSize=101
[2023.04.28-17.25.53:101][  0]LogPakFile: PakFile FullDirectoryIndexSize=152
[2023.04.28-17.25.53:101][  0]LogShaderLibrary: Display: ShaderCodeLibraryPakFileMountedCallback: PakFile 'C:/Program Files/Epic Games/UE_4.27/FeaturePacks/FP_FirstPersonBP.upack' (chunk index -1, root 'root:/') mounted
[2023.04.28-17.25.53:102][  0]LogShaderLibrary: Display: ShaderCodeLibraryPakFileMountedCallback: pending pak file info (ChunkID:-1 Root:root:/ File:C:/Program Files/Epic Games/UE_4.27/FeaturePacks/FP_FirstPersonBP.upack)
[2023.04.28-17.25.53:102][  0]LogPakFile: OnPakFileMounted2Time == 0.000038
[2023.04.28-17.25.53:102][  0]LogPakFile: PakFile PrimaryIndexSize=191
[2023.04.28-17.25.53:102][  0]LogPakFile: PakFile PathHashIndexSize=101
[2023.04.28-17.25.53:102][  0]LogPakFile: PakFile FullDirectoryIndexSize=160
[2023.04.28-17.25.53:102][  0]LogShaderLibrary: Display: ShaderCodeLibraryPakFileMountedCallback: PakFile 'C:/Program Files/Epic Games/UE_4.27/FeaturePacks/MobileStarterContent.upack' (chunk index -1, root 'root:/') mounted
[2023.04.28-17.25.53:102][  0]LogShaderLibrary: Display: ShaderCodeLibraryPakFileMountedCallback: pending pak file info (ChunkID:-1 Root:root:/ File:C:/Program Files/Epic Games/UE_4.27/FeaturePacks/MobileStarterContent.upack)
[2023.04.28-17.25.53:102][  0]LogPakFile: OnPakFileMounted2Time == 0.000028
[2023.04.28-17.25.53:103][  0]LogPakFile: PakFile PrimaryIndexSize=185
[2023.04.28-17.25.53:103][  0]LogPakFile: PakFile PathHashIndexSize=101
[2023.04.28-17.25.53:103][  0]LogPakFile: PakFile FullDirectoryIndexSize=148
[2023.04.28-17.25.53:103][  0]LogShaderLibrary: Display: ShaderCodeLibraryPakFileMountedCallback: PakFile 'C:/Program Files/Epic Games/UE_4.27/FeaturePacks/StarterContent.upack' (chunk index -1, root 'root:/') mounted
[2023.04.28-17.25.53:103][  0]LogShaderLibrary: Display: ShaderCodeLibraryPakFileMountedCallback: pending pak file info (ChunkID:-1 Root:root:/ File:C:/Program Files/Epic Games/UE_4.27/FeaturePacks/StarterContent.upack)
[2023.04.28-17.25.53:103][  0]LogPakFile: OnPakFileMounted2Time == 0.000039
[2023.04.28-17.25.53:103][  0]LogPakFile: PakFile PrimaryIndexSize=190
[2023.04.28-17.25.53:103][  0]LogPakFile: PakFile PathHashIndexSize=101
[2023.04.28-17.25.53:103][  0]LogPakFile: PakFile FullDirectoryIndexSize=154
[2023.04.28-17.25.53:103][  0]LogShaderLibrary: Display: ShaderCodeLibraryPakFileMountedCallback: PakFile 'C:/Program Files/Epic Games/UE_4.27/FeaturePacks/TP_2DSideScroller.upack' (chunk index -1, root 'root:/') mounted
[2023.04.28-17.25.53:103][  0]LogShaderLibrary: Display: ShaderCodeLibraryPakFileMountedCallback: pending pak file info (ChunkID:-1 Root:root:/ File:C:/Program Files/Epic Games/UE_4.27/FeaturePacks/TP_2DSideScroller.upack)
[2023.04.28-17.25.53:103][  0]LogPakFile: OnPakFileMounted2Time == 0.000039
[2023.04.28-17.25.53:104][  0]LogPakFile: PakFile PrimaryIndexSize=192
[2023.04.28-17.25.53:104][  0]LogPakFile: PakFile PathHashIndexSize=101
[2023.04.28-17.25.53:104][  0]LogPakFile: PakFile FullDirectoryIndexSize=158
[2023.04.28-17.25.53:104][  0]LogShaderLibrary: Display: ShaderCodeLibraryPakFileMountedCallback: PakFile 'C:/Program Files/Epic Games/UE_4.27/FeaturePacks/TP_2DSideScrollerBP.upack' (chunk index -1, root 'root:/') mounted
[2023.04.28-17.25.53:104][  0]LogShaderLibrary: Display: ShaderCodeLibraryPakFileMountedCallback: pending pak file info (ChunkID:-1 Root:root:/ File:C:/Program Files/Epic Games/UE_4.27/FeaturePacks/TP_2DSideScrollerBP.upack)
[2023.04.28-17.25.53:104][  0]LogPakFile: OnPakFileMounted2Time == 0.000029
[2023.04.28-17.25.53:104][  0]LogPakFile: PakFile PrimaryIndexSize=182
[2023.04.28-17.25.53:104][  0]LogPakFile: PakFile PathHashIndexSize=101
[2023.04.28-17.25.53:104][  0]LogPakFile: PakFile FullDirectoryIndexSize=138
[2023.04.28-17.25.53:104][  0]LogShaderLibrary: Display: ShaderCodeLibraryPakFileMountedCallback: PakFile 'C:/Program Files/Epic Games/UE_4.27/FeaturePacks/TP_Flying.upack' (chunk index -1, root 'root:/') mounted
[2023.04.28-17.25.53:104][  0]LogShaderLibrary: Display: ShaderCodeLibraryPakFileMountedCallback: pending pak file info (ChunkID:-1 Root:root:/ File:C:/Program Files/Epic Games/UE_4.27/FeaturePacks/TP_Flying.upack)
[2023.04.28-17.25.53:104][  0]LogPakFile: OnPakFileMounted2Time == 0.000029
[2023.04.28-17.25.53:105][  0]LogPakFile: PakFile PrimaryIndexSize=184
[2023.04.28-17.25.53:105][  0]LogPakFile: PakFile PathHashIndexSize=101
[2023.04.28-17.25.53:105][  0]LogPakFile: PakFile FullDirectoryIndexSize=142
[2023.04.28-17.25.53:105][  0]LogShaderLibrary: Display: ShaderCodeLibraryPakFileMountedCallback: PakFile 'C:/Program Files/Epic Games/UE_4.27/FeaturePacks/TP_FlyingBP.upack' (chunk index -1, root 'root:/') mounted
[2023.04.28-17.25.53:105][  0]LogShaderLibrary: Display: ShaderCodeLibraryPakFileMountedCallback: pending pak file info (ChunkID:-1 Root:root:/ File:C:/Program Files/Epic Games/UE_4.27/FeaturePacks/TP_FlyingBP.upack)
[2023.04.28-17.25.53:105][  0]LogPakFile: OnPakFileMounted2Time == 0.000028
[2023.04.28-17.25.53:105][  0]LogPakFile: PakFile PrimaryIndexSize=188
[2023.04.28-17.25.53:105][  0]LogPakFile: PakFile PathHashIndexSize=101
[2023.04.28-17.25.53:105][  0]LogPakFile: PakFile FullDirectoryIndexSize=150
[2023.04.28-17.25.53:105][  0]LogShaderLibrary: Display: ShaderCodeLibraryPakFileMountedCallback: PakFile 'C:/Program Files/Epic Games/UE_4.27/FeaturePacks/TP_HandheldARBP.upack' (chunk index -1, root 'root:/') mounted
[2023.04.28-17.25.53:105][  0]LogShaderLibrary: Display: ShaderCodeLibraryPakFileMountedCallback: pending pak file info (ChunkID:-1 Root:root:/ File:C:/Program Files/Epic Games/UE_4.27/FeaturePacks/TP_HandheldARBP.upack)
[2023.04.28-17.25.53:105][  0]LogPakFile: OnPakFileMounted2Time == 0.000028
[2023.04.28-17.25.53:106][  0]LogPakFile: PakFile PrimaryIndexSize=182
[2023.04.28-17.25.53:106][  0]LogPakFile: PakFile PathHashIndexSize=101
[2023.04.28-17.25.53:106][  0]LogPakFile: PakFile FullDirectoryIndexSize=138
[2023.04.28-17.25.53:106][  0]LogShaderLibrary: Display: ShaderCodeLibraryPakFileMountedCallback: PakFile 'C:/Program Files/Epic Games/UE_4.27/FeaturePacks/TP_Puzzle.upack' (chunk index -1, root 'root:/') mounted
[2023.04.28-17.25.53:106][  0]LogShaderLibrary: Display: ShaderCodeLibraryPakFileMountedCallback: pending pak file info (ChunkID:-1 Root:root:/ File:C:/Program Files/Epic Games/UE_4.27/FeaturePacks/TP_Puzzle.upack)
[2023.04.28-17.25.53:106][  0]LogPakFile: OnPakFileMounted2Time == 0.000028
[2023.04.28-17.25.53:107][  0]LogPakFile: PakFile PrimaryIndexSize=184
[2023.04.28-17.25.53:107][  0]LogPakFile: PakFile PathHashIndexSize=101
[2023.04.28-17.25.53:107][  0]LogPakFile: PakFile FullDirectoryIndexSize=142
[2023.04.28-17.25.53:107][  0]LogShaderLibrary: Display: ShaderCodeLibraryPakFileMountedCallback: PakFile 'C:/Program Files/Epic Games/UE_4.27/FeaturePacks/TP_PuzzleBP.upack' (chunk index -1, root 'root:/') mounted
[2023.04.28-17.25.53:107][  0]LogShaderLibrary: Display: ShaderCodeLibraryPakFileMountedCallback: pending pak file info (ChunkID:-1 Root:root:/ File:C:/Program Files/Epic Games/UE_4.27/FeaturePacks/TP_PuzzleBP.upack)
[2023.04.28-17.25.53:107][  0]LogPakFile: OnPakFileMounted2Time == 0.000028
[2023.04.28-17.25.53:107][  0]LogPakFile: PakFile PrimaryIndexSize=183
[2023.04.28-17.25.53:107][  0]LogPakFile: PakFile PathHashIndexSize=101
[2023.04.28-17.25.53:107][  0]LogPakFile: PakFile FullDirectoryIndexSize=140
[2023.04.28-17.25.53:107][  0]LogShaderLibrary: Display: ShaderCodeLibraryPakFileMountedCallback: PakFile 'C:/Program Files/Epic Games/UE_4.27/FeaturePacks/TP_Rolling.upack' (chunk index -1, root 'root:/') mounted
[2023.04.28-17.25.53:107][  0]LogShaderLibrary: Display: ShaderCodeLibraryPakFileMountedCallback: pending pak file info (ChunkID:-1 Root:root:/ File:C:/Program Files/Epic Games/UE_4.27/FeaturePacks/TP_Rolling.upack)
[2023.04.28-17.25.53:107][  0]LogPakFile: OnPakFileMounted2Time == 0.000027
[2023.04.28-17.25.53:108][  0]LogPakFile: PakFile PrimaryIndexSize=185
[2023.04.28-17.25.53:108][  0]LogPakFile: PakFile PathHashIndexSize=101
[2023.04.28-17.25.53:108][  0]LogPakFile: PakFile FullDirectoryIndexSize=144
[2023.04.28-17.25.53:108][  0]LogShaderLibrary: Display: ShaderCodeLibraryPakFileMountedCallback: PakFile 'C:/Program Files/Epic Games/UE_4.27/FeaturePacks/TP_RollingBP.upack' (chunk index -1, root 'root:/') mounted
[2023.04.28-17.25.53:108][  0]LogShaderLibrary: Display: ShaderCodeLibraryPakFileMountedCallback: pending pak file info (ChunkID:-1 Root:root:/ File:C:/Program Files/Epic Games/UE_4.27/FeaturePacks/TP_RollingBP.upack)
[2023.04.28-17.25.53:108][  0]LogPakFile: OnPakFileMounted2Time == 0.000027
[2023.04.28-17.25.53:108][  0]LogPakFile: PakFile PrimaryIndexSize=188
[2023.04.28-17.25.53:108][  0]LogPakFile: PakFile PathHashIndexSize=101
[2023.04.28-17.25.53:108][  0]LogPakFile: PakFile FullDirectoryIndexSize=150
[2023.04.28-17.25.53:108][  0]LogShaderLibrary: Display: ShaderCodeLibraryPakFileMountedCallback: PakFile 'C:/Program Files/Epic Games/UE_4.27/FeaturePacks/TP_SideScroller.upack' (chunk index -1, root 'root:/') mounted
[2023.04.28-17.25.53:108][  0]LogShaderLibrary: Display: ShaderCodeLibraryPakFileMountedCallback: pending pak file info (ChunkID:-1 Root:root:/ File:C:/Program Files/Epic Games/UE_4.27/FeaturePacks/TP_SideScroller.upack)
[2023.04.28-17.25.53:108][  0]LogPakFile: OnPakFileMounted2Time == 0.000028
[2023.04.28-17.25.53:109][  0]LogPakFile: PakFile PrimaryIndexSize=190
[2023.04.28-17.25.53:109][  0]LogPakFile: PakFile PathHashIndexSize=101
[2023.04.28-17.25.53:109][  0]LogPakFile: PakFile FullDirectoryIndexSize=154
[2023.04.28-17.25.53:109][  0]LogShaderLibrary: Display: ShaderCodeLibraryPakFileMountedCallback: PakFile 'C:/Program Files/Epic Games/UE_4.27/FeaturePacks/TP_SideScrollerBP.upack' (chunk index -1, root 'root:/') mounted
[2023.04.28-17.25.53:109][  0]LogShaderLibrary: Display: ShaderCodeLibraryPakFileMountedCallback: pending pak file info (ChunkID:-1 Root:root:/ File:C:/Program Files/Epic Games/UE_4.27/FeaturePacks/TP_SideScrollerBP.upack)
[2023.04.28-17.25.53:109][  0]LogPakFile: OnPakFileMounted2Time == 0.000035
[2023.04.28-17.25.53:110][  0]LogPakFile: PakFile PrimaryIndexSize=187
[2023.04.28-17.25.53:110][  0]LogPakFile: PakFile PathHashIndexSize=101
[2023.04.28-17.25.53:110][  0]LogPakFile: PakFile FullDirectoryIndexSize=148
[2023.04.28-17.25.53:110][  0]LogShaderLibrary: Display: ShaderCodeLibraryPakFileMountedCallback: PakFile 'C:/Program Files/Epic Games/UE_4.27/FeaturePacks/TP_ThirdPerson.upack' (chunk index -1, root 'root:/') mounted
[2023.04.28-17.25.53:110][  0]LogShaderLibrary: Display: ShaderCodeLibraryPakFileMountedCallback: pending pak file info (ChunkID:-1 Root:root:/ File:C:/Program Files/Epic Games/UE_4.27/FeaturePacks/TP_ThirdPerson.upack)
[2023.04.28-17.25.53:110][  0]LogPakFile: OnPakFileMounted2Time == 0.000029
[2023.04.28-17.25.53:110][  0]LogPakFile: PakFile PrimaryIndexSize=189
[2023.04.28-17.25.53:110][  0]LogPakFile: PakFile PathHashIndexSize=101
[2023.04.28-17.25.53:110][  0]LogPakFile: PakFile FullDirectoryIndexSize=152
[2023.04.28-17.25.53:110][  0]LogShaderLibrary: Display: ShaderCodeLibraryPakFileMountedCallback: PakFile 'C:/Program Files/Epic Games/UE_4.27/FeaturePacks/TP_ThirdPersonBP.upack' (chunk index -1, root 'root:/') mounted
[2023.04.28-17.25.53:110][  0]LogShaderLibrary: Display: ShaderCodeLibraryPakFileMountedCallback: pending pak file info (ChunkID:-1 Root:root:/ File:C:/Program Files/Epic Games/UE_4.27/FeaturePacks/TP_ThirdPersonBP.upack)
[2023.04.28-17.25.53:110][  0]LogPakFile: OnPakFileMounted2Time == 0.000034
[2023.04.28-17.25.53:111][  0]LogPakFile: PakFile PrimaryIndexSize=183
[2023.04.28-17.25.53:111][  0]LogPakFile: PakFile PathHashIndexSize=101
[2023.04.28-17.25.53:111][  0]LogPakFile: PakFile FullDirectoryIndexSize=140
[2023.04.28-17.25.53:111][  0]LogShaderLibrary: Display: ShaderCodeLibraryPakFileMountedCallback: PakFile 'C:/Program Files/Epic Games/UE_4.27/FeaturePacks/TP_TopDown.upack' (chunk index -1, root 'root:/') mounted
[2023.04.28-17.25.53:111][  0]LogShaderLibrary: Display: ShaderCodeLibraryPakFileMountedCallback: pending pak file info (ChunkID:-1 Root:root:/ File:C:/Program Files/Epic Games/UE_4.27/FeaturePacks/TP_TopDown.upack)
[2023.04.28-17.25.53:111][  0]LogPakFile: OnPakFileMounted2Time == 0.000038
[2023.04.28-17.25.53:111][  0]LogPakFile: PakFile PrimaryIndexSize=185
[2023.04.28-17.25.53:111][  0]LogPakFile: PakFile PathHashIndexSize=101
[2023.04.28-17.25.53:111][  0]LogPakFile: PakFile FullDirectoryIndexSize=144
[2023.04.28-17.25.53:111][  0]LogShaderLibrary: Display: ShaderCodeLibraryPakFileMountedCallback: PakFile 'C:/Program Files/Epic Games/UE_4.27/FeaturePacks/TP_TopDownBP.upack' (chunk index -1, root 'root:/') mounted
[2023.04.28-17.25.53:111][  0]LogShaderLibrary: Display: ShaderCodeLibraryPakFileMountedCallback: pending pak file info (ChunkID:-1 Root:root:/ File:C:/Program Files/Epic Games/UE_4.27/FeaturePacks/TP_TopDownBP.upack)
[2023.04.28-17.25.53:111][  0]LogPakFile: OnPakFileMounted2Time == 0.000031
[2023.04.28-17.25.53:112][  0]LogPakFile: PakFile PrimaryIndexSize=185
[2023.04.28-17.25.53:112][  0]LogPakFile: PakFile PathHashIndexSize=101
[2023.04.28-17.25.53:112][  0]LogPakFile: PakFile FullDirectoryIndexSize=144
[2023.04.28-17.25.53:112][  0]LogShaderLibrary: Display: ShaderCodeLibraryPakFileMountedCallback: PakFile 'C:/Program Files/Epic Games/UE_4.27/FeaturePacks/TP_TwinStick.upack' (chunk index -1, root 'root:/') mounted
[2023.04.28-17.25.53:112][  0]LogShaderLibrary: Display: ShaderCodeLibraryPakFileMountedCallback: pending pak file info (ChunkID:-1 Root:root:/ File:C:/Program Files/Epic Games/UE_4.27/FeaturePacks/TP_TwinStick.upack)
[2023.04.28-17.25.53:112][  0]LogPakFile: OnPakFileMounted2Time == 0.000029
[2023.04.28-17.25.53:112][  0]LogPakFile: PakFile PrimaryIndexSize=187
[2023.04.28-17.25.53:112][  0]LogPakFile: PakFile PathHashIndexSize=101
[2023.04.28-17.25.53:112][  0]LogPakFile: PakFile FullDirectoryIndexSize=148
[2023.04.28-17.25.53:112][  0]LogShaderLibrary: Display: ShaderCodeLibraryPakFileMountedCallback: PakFile 'C:/Program Files/Epic Games/UE_4.27/FeaturePacks/TP_TwinStickBP.upack' (chunk index -1, root 'root:/') mounted
[2023.04.28-17.25.53:113][  0]LogShaderLibrary: Display: ShaderCodeLibraryPakFileMountedCallback: pending pak file info (ChunkID:-1 Root:root:/ File:C:/Program Files/Epic Games/UE_4.27/FeaturePacks/TP_TwinStickBP.upack)
[2023.04.28-17.25.53:113][  0]LogPakFile: OnPakFileMounted2Time == 0.000042
[2023.04.28-17.25.53:113][  0]LogPakFile: PakFile PrimaryIndexSize=183
[2023.04.28-17.25.53:113][  0]LogPakFile: PakFile PathHashIndexSize=101
[2023.04.28-17.25.53:113][  0]LogPakFile: PakFile FullDirectoryIndexSize=140
[2023.04.28-17.25.53:113][  0]LogShaderLibrary: Display: ShaderCodeLibraryPakFileMountedCallback: PakFile 'C:/Program Files/Epic Games/UE_4.27/FeaturePacks/TP_Vehicle.upack' (chunk index -1, root 'root:/') mounted
[2023.04.28-17.25.53:113][  0]LogShaderLibrary: Display: ShaderCodeLibraryPakFileMountedCallback: pending pak file info (ChunkID:-1 Root:root:/ File:C:/Program Files/Epic Games/UE_4.27/FeaturePacks/TP_Vehicle.upack)
[2023.04.28-17.25.53:113][  0]LogPakFile: OnPakFileMounted2Time == 0.000028
[2023.04.28-17.25.53:114][  0]LogPakFile: PakFile PrimaryIndexSize=186
[2023.04.28-17.25.53:114][  0]LogPakFile: PakFile PathHashIndexSize=101
[2023.04.28-17.25.53:114][  0]LogPakFile: PakFile FullDirectoryIndexSize=146
[2023.04.28-17.25.53:114][  0]LogShaderLibrary: Display: ShaderCodeLibraryPakFileMountedCallback: PakFile 'C:/Program Files/Epic Games/UE_4.27/FeaturePacks/TP_VehicleAdv.upack' (chunk index -1, root 'root:/') mounted
[2023.04.28-17.25.53:114][  0]LogShaderLibrary: Display: ShaderCodeLibraryPakFileMountedCallback: pending pak file info (ChunkID:-1 Root:root:/ File:C:/Program Files/Epic Games/UE_4.27/FeaturePacks/TP_VehicleAdv.upack)
[2023.04.28-17.25.53:114][  0]LogPakFile: OnPakFileMounted2Time == 0.000029
[2023.04.28-17.25.53:114][  0]LogPakFile: PakFile PrimaryIndexSize=188
[2023.04.28-17.25.53:114][  0]LogPakFile: PakFile PathHashIndexSize=101
[2023.04.28-17.25.53:114][  0]LogPakFile: PakFile FullDirectoryIndexSize=150
[2023.04.28-17.25.53:114][  0]LogShaderLibrary: Display: ShaderCodeLibraryPakFileMountedCallback: PakFile 'C:/Program Files/Epic Games/UE_4.27/FeaturePacks/TP_VehicleAdvBP.upack' (chunk index -1, root 'root:/') mounted
[2023.04.28-17.25.53:114][  0]LogShaderLibrary: Display: ShaderCodeLibraryPakFileMountedCallback: pending pak file info (ChunkID:-1 Root:root:/ File:C:/Program Files/Epic Games/UE_4.27/FeaturePacks/TP_VehicleAdvBP.upack)
[2023.04.28-17.25.53:114][  0]LogPakFile: OnPakFileMounted2Time == 0.000028
[2023.04.28-17.25.53:115][  0]LogPakFile: PakFile PrimaryIndexSize=185
[2023.04.28-17.25.53:115][  0]LogPakFile: PakFile PathHashIndexSize=101
[2023.04.28-17.25.53:115][  0]LogPakFile: PakFile FullDirectoryIndexSize=144
[2023.04.28-17.25.53:115][  0]LogShaderLibrary: Display: ShaderCodeLibraryPakFileMountedCallback: PakFile 'C:/Program Files/Epic Games/UE_4.27/FeaturePacks/TP_VehicleBP.upack' (chunk index -1, root 'root:/') mounted
[2023.04.28-17.25.53:115][  0]LogShaderLibrary: Display: ShaderCodeLibraryPakFileMountedCallback: pending pak file info (ChunkID:-1 Root:root:/ File:C:/Program Files/Epic Games/UE_4.27/FeaturePacks/TP_VehicleBP.upack)
[2023.04.28-17.25.53:115][  0]LogPakFile: OnPakFileMounted2Time == 0.000030
[2023.04.28-17.25.53:115][  0]LogPakFile: PakFile PrimaryIndexSize=192
[2023.04.28-17.25.53:115][  0]LogPakFile: PakFile PathHashIndexSize=101
[2023.04.28-17.25.53:115][  0]LogPakFile: PakFile FullDirectoryIndexSize=158
[2023.04.28-17.25.53:115][  0]LogShaderLibrary: Display: ShaderCodeLibraryPakFileMountedCallback: PakFile 'C:/Program Files/Epic Games/UE_4.27/FeaturePacks/TP_VirtualRealityBP.upack' (chunk index -1, root 'root:/') mounted
[2023.04.28-17.25.53:115][  0]LogShaderLibrary: Display: ShaderCodeLibraryPakFileMountedCallback: pending pak file info (ChunkID:-1 Root:root:/ File:C:/Program Files/Epic Games/UE_4.27/FeaturePacks/TP_VirtualRealityBP.upack)
[2023.04.28-17.25.53:115][  0]LogPakFile: OnPakFileMounted2Time == 0.000033
[2023.04.28-17.25.53:170][  0]LogNativeClassHierarchy: Verbose: Native class hierarchy updated for 'AddContentDialog' in 0.0004 seconds. Added 0 classes and 0 folders.
[2023.04.28-17.25.53:172][  0]LogNativeClassHierarchy: Verbose: Native class hierarchy updated for 'SceneOutliner' in 0.0002 seconds. Added 2 classes and 0 folders.
[2023.04.28-17.25.53:195][  0]LogSlate: Took 0.000281 seconds to synchronously load lazily loaded font '../../../Engine/Content/Slate/Fonts/Roboto-Regular.ttf' (155K)
[2023.04.28-17.25.53:196][  0]LogSlate: Took 0.000117 seconds to synchronously load lazily loaded font '../../../Engine/Content/Editor/Slate/Fonts/FontAwesome.ttf' (139K)
[2023.04.28-17.25.53:196][  0]LogSlate: Took 0.000107 seconds to synchronously load lazily loaded font '../../../Engine/Content/Slate/Fonts/Roboto-Bold.ttf' (160K)
[2023.04.28-17.25.53:272][  0]LogRenderer: Reallocating scene render targets to support 1208x572 Format 10 NumSamples 1 (Frame:1).
[2023.04.28-17.25.53:365][  0]LogNativeClassHierarchy: Verbose: Native class hierarchy updated for 'HierarchicalLODOutliner' in 0.0003 seconds. Added 0 classes and 0 folders.
[2023.04.28-17.25.53:365][  0]LogInput: Warning: Action Jump uses invalid key OculusGo_Left_Trigger_Click.
[2023.04.28-17.25.53:365][  0]LogInput: Warning: Action ResetVR uses invalid key OculusGo_Left_Trackpad_Click.
[2023.04.28-17.25.53:365][  0]LogInput: Warning: Use -RemoveInvalidKeys to remove instances of these keys from the action mapping.
[2023.04.28-17.25.53:365][  0]LogLoad: (Engine Initialization) Total time: 8.07 seconds
[2023.04.28-17.25.53:365][  0]LogLoad: (Engine Initialization) Total Blueprint compile time: 0.00 seconds
[2023.04.28-17.25.53:414][  0]LogAssetRegistry: Asset discovery search completed in 4.5723 seconds
[2023.04.28-17.25.53:420][  0]LogCollectionManager: Fixed up redirectors for 0 collections in 0.000004 seconds (updated 0 objects)
[2023.04.28-17.25.53:422][  0]LogContentStreaming: Texture pool size now 1000 MB
[2023.04.28-17.25.54:060][  2]LogSlate: Took 0.000474 seconds to synchronously load lazily loaded font '../../../Engine/Content/Slate/Fonts/Roboto-Light.ttf' (167K)
